{"op_code": 0, "worker_id": "31fbc84c-6ba7-43a8-84ed-b5fe3fe02c3e-137064894763008", "study_name": "study", "directions": [2]}
{"op_code": 4, "worker_id": "31fbc84c-6ba7-43a8-84ed-b5fe3fe02c3e-137062113404480", "study_id": 0, "datetime_start": "2023-11-08T13:53:25.260369"}
{"op_code": 8, "worker_id": "31fbc84c-6ba7-43a8-84ed-b5fe3fe02c3e-137062113404480", "trial_id": 0, "user_attr": {"init_weights_pathname": "/content/tmp/init_weights_0"}}
{"op_code": 5, "worker_id": "31fbc84c-6ba7-43a8-84ed-b5fe3fe02c3e-137062113404480", "trial_id": 0, "param_name": "n_hidden_conv", "param_value_internal": 5.0, "distribution": "{\"name\": \"IntDistribution\", \"attributes\": {\"log\": false, \"step\": 1, \"low\": 2, \"high\": 5}}"}
{"op_code": 5, "worker_id": "31fbc84c-6ba7-43a8-84ed-b5fe3fe02c3e-137062113404480", "trial_id": 0, "param_name": "n_hidden", "param_value_internal": 3.0, "distribution": "{\"name\": \"IntDistribution\", \"attributes\": {\"log\": false, \"step\": 1, \"low\": 1, \"high\": 3}}"}
{"op_code": 5, "worker_id": "31fbc84c-6ba7-43a8-84ed-b5fe3fe02c3e-137062113404480", "trial_id": 0, "param_name": "learning_rate", "param_value_internal": 7.207886078087407e-05, "distribution": "{\"name\": \"FloatDistribution\", \"attributes\": {\"step\": null, \"low\": 1e-05, \"high\": 0.1, \"log\": true}}"}
{"op_code": 5, "worker_id": "31fbc84c-6ba7-43a8-84ed-b5fe3fe02c3e-137062113404480", "trial_id": 0, "param_name": "batch_norm", "param_value_internal": 0, "distribution": "{\"name\": \"CategoricalDistribution\", \"attributes\": {\"choices\": [\"True\", \"False\"]}}"}
{"op_code": 5, "worker_id": "31fbc84c-6ba7-43a8-84ed-b5fe3fe02c3e-137062113404480", "trial_id": 0, "param_name": "activity_regularizer", "param_value_internal": 1, "distribution": "{\"name\": \"CategoricalDistribution\", \"attributes\": {\"choices\": [\"True\", \"False\"]}}"}
{"op_code": 5, "worker_id": "31fbc84c-6ba7-43a8-84ed-b5fe3fe02c3e-137062113404480", "trial_id": 0, "param_name": "average_pooling", "param_value_internal": 1, "distribution": "{\"name\": \"CategoricalDistribution\", \"attributes\": {\"choices\": [\"True\", \"False\"]}}"}
{"op_code": 5, "worker_id": "31fbc84c-6ba7-43a8-84ed-b5fe3fe02c3e-137062113404480", "trial_id": 0, "param_name": "max_pooling", "param_value_internal": 1, "distribution": "{\"name\": \"CategoricalDistribution\", \"attributes\": {\"choices\": [\"True\", \"False\"]}}"}
{"op_code": 5, "worker_id": "31fbc84c-6ba7-43a8-84ed-b5fe3fe02c3e-137062113404480", "trial_id": 0, "param_name": "kernel_size", "param_value_internal": 2.0, "distribution": "{\"name\": \"IntDistribution\", \"attributes\": {\"log\": false, \"step\": 1, \"low\": 2, \"high\": 3}}"}
{"op_code": 4, "worker_id": "31fbc84c-6ba7-43a8-84ed-b5fe3fe02c3e-137062105011776", "study_id": 0, "datetime_start": "2023-11-08T13:53:25.314351"}
{"op_code": 8, "worker_id": "31fbc84c-6ba7-43a8-84ed-b5fe3fe02c3e-137062105011776", "trial_id": 1, "user_attr": {"init_weights_pathname": "/content/tmp/init_weights_1"}}
{"op_code": 5, "worker_id": "31fbc84c-6ba7-43a8-84ed-b5fe3fe02c3e-137062105011776", "trial_id": 1, "param_name": "n_hidden_conv", "param_value_internal": 4.0, "distribution": "{\"name\": \"IntDistribution\", \"attributes\": {\"log\": false, \"step\": 1, \"low\": 2, \"high\": 5}}"}
{"op_code": 5, "worker_id": "31fbc84c-6ba7-43a8-84ed-b5fe3fe02c3e-137062113404480", "trial_id": 0, "param_name": "filters", "param_value_internal": 34.0, "distribution": "{\"name\": \"IntDistribution\", \"attributes\": {\"log\": false, \"step\": 1, \"low\": 32, \"high\": 64}}"}
{"op_code": 5, "worker_id": "31fbc84c-6ba7-43a8-84ed-b5fe3fe02c3e-137062105011776", "trial_id": 1, "param_name": "n_hidden", "param_value_internal": 2.0, "distribution": "{\"name\": \"IntDistribution\", \"attributes\": {\"log\": false, \"step\": 1, \"low\": 1, \"high\": 3}}"}
{"op_code": 5, "worker_id": "31fbc84c-6ba7-43a8-84ed-b5fe3fe02c3e-137062105011776", "trial_id": 1, "param_name": "learning_rate", "param_value_internal": 0.010228282151397882, "distribution": "{\"name\": \"FloatDistribution\", \"attributes\": {\"step\": null, \"low\": 1e-05, \"high\": 0.1, \"log\": true}}"}
{"op_code": 5, "worker_id": "31fbc84c-6ba7-43a8-84ed-b5fe3fe02c3e-137062105011776", "trial_id": 1, "param_name": "batch_norm", "param_value_internal": 0, "distribution": "{\"name\": \"CategoricalDistribution\", \"attributes\": {\"choices\": [\"True\", \"False\"]}}"}
{"op_code": 5, "worker_id": "31fbc84c-6ba7-43a8-84ed-b5fe3fe02c3e-137062113404480", "trial_id": 0, "param_name": "hidden_activation_0", "param_value_internal": 0, "distribution": "{\"name\": \"CategoricalDistribution\", \"attributes\": {\"choices\": [\"relu\", \"sigmoid\", \"tanh\", \"gelu\"]}}"}
{"op_code": 5, "worker_id": "31fbc84c-6ba7-43a8-84ed-b5fe3fe02c3e-137062113404480", "trial_id": 0, "param_name": "dropout_conv_0", "param_value_internal": 0.13313372816195487, "distribution": "{\"name\": \"FloatDistribution\", \"attributes\": {\"step\": null, \"low\": 0.0, \"high\": 0.6, \"log\": false}}"}
{"op_code": 5, "worker_id": "31fbc84c-6ba7-43a8-84ed-b5fe3fe02c3e-137062113404480", "trial_id": 0, "param_name": "padding0", "param_value_internal": 0, "distribution": "{\"name\": \"CategoricalDistribution\", \"attributes\": {\"choices\": [\"same\", \"valid\"]}}"}
{"op_code": 5, "worker_id": "31fbc84c-6ba7-43a8-84ed-b5fe3fe02c3e-137062105011776", "trial_id": 1, "param_name": "activity_regularizer", "param_value_internal": 1, "distribution": "{\"name\": \"CategoricalDistribution\", \"attributes\": {\"choices\": [\"True\", \"False\"]}}"}
{"op_code": 5, "worker_id": "31fbc84c-6ba7-43a8-84ed-b5fe3fe02c3e-137062105011776", "trial_id": 1, "param_name": "average_pooling", "param_value_internal": 0, "distribution": "{\"name\": \"CategoricalDistribution\", \"attributes\": {\"choices\": [\"True\", \"False\"]}}"}
{"op_code": 5, "worker_id": "31fbc84c-6ba7-43a8-84ed-b5fe3fe02c3e-137062105011776", "trial_id": 1, "param_name": "max_pooling", "param_value_internal": 0, "distribution": "{\"name\": \"CategoricalDistribution\", \"attributes\": {\"choices\": [\"True\", \"False\"]}}"}
{"op_code": 5, "worker_id": "31fbc84c-6ba7-43a8-84ed-b5fe3fe02c3e-137062105011776", "trial_id": 1, "param_name": "kernel_size", "param_value_internal": 3.0, "distribution": "{\"name\": \"IntDistribution\", \"attributes\": {\"log\": false, \"step\": 1, \"low\": 2, \"high\": 3}}"}
{"op_code": 5, "worker_id": "31fbc84c-6ba7-43a8-84ed-b5fe3fe02c3e-137062105011776", "trial_id": 1, "param_name": "filters", "param_value_internal": 45.0, "distribution": "{\"name\": \"IntDistribution\", \"attributes\": {\"log\": false, \"step\": 1, \"low\": 32, \"high\": 64}}"}
{"op_code": 5, "worker_id": "31fbc84c-6ba7-43a8-84ed-b5fe3fe02c3e-137062105011776", "trial_id": 1, "param_name": "hidden_activation_0", "param_value_internal": 3, "distribution": "{\"name\": \"CategoricalDistribution\", \"attributes\": {\"choices\": [\"relu\", \"sigmoid\", \"tanh\", \"gelu\"]}}"}
{"op_code": 5, "worker_id": "31fbc84c-6ba7-43a8-84ed-b5fe3fe02c3e-137062105011776", "trial_id": 1, "param_name": "dropout_conv_0", "param_value_internal": 0.09586241296978348, "distribution": "{\"name\": \"FloatDistribution\", \"attributes\": {\"step\": null, \"low\": 0.0, \"high\": 0.6, \"log\": false}}"}
{"op_code": 5, "worker_id": "31fbc84c-6ba7-43a8-84ed-b5fe3fe02c3e-137062105011776", "trial_id": 1, "param_name": "padding0", "param_value_internal": 1, "distribution": "{\"name\": \"CategoricalDistribution\", \"attributes\": {\"choices\": [\"same\", \"valid\"]}}"}
{"op_code": 5, "worker_id": "31fbc84c-6ba7-43a8-84ed-b5fe3fe02c3e-137062113404480", "trial_id": 0, "param_name": "hidden_activation_1", "param_value_internal": 1, "distribution": "{\"name\": \"CategoricalDistribution\", \"attributes\": {\"choices\": [\"relu\", \"sigmoid\", \"tanh\", \"gelu\"]}}"}
{"op_code": 5, "worker_id": "31fbc84c-6ba7-43a8-84ed-b5fe3fe02c3e-137062113404480", "trial_id": 0, "param_name": "dropout_conv_1", "param_value_internal": 0.48449255480349435, "distribution": "{\"name\": \"FloatDistribution\", \"attributes\": {\"step\": null, \"low\": 0.0, \"high\": 0.6, \"log\": false}}"}
{"op_code": 5, "worker_id": "31fbc84c-6ba7-43a8-84ed-b5fe3fe02c3e-137062113404480", "trial_id": 0, "param_name": "padding1", "param_value_internal": 1, "distribution": "{\"name\": \"CategoricalDistribution\", \"attributes\": {\"choices\": [\"same\", \"valid\"]}}"}
{"op_code": 5, "worker_id": "31fbc84c-6ba7-43a8-84ed-b5fe3fe02c3e-137062105011776", "trial_id": 1, "param_name": "hidden_activation_1", "param_value_internal": 0, "distribution": "{\"name\": \"CategoricalDistribution\", \"attributes\": {\"choices\": [\"relu\", \"sigmoid\", \"tanh\", \"gelu\"]}}"}
{"op_code": 5, "worker_id": "31fbc84c-6ba7-43a8-84ed-b5fe3fe02c3e-137062105011776", "trial_id": 1, "param_name": "dropout_conv_1", "param_value_internal": 0.1851842729047747, "distribution": "{\"name\": \"FloatDistribution\", \"attributes\": {\"step\": null, \"low\": 0.0, \"high\": 0.6, \"log\": false}}"}
{"op_code": 5, "worker_id": "31fbc84c-6ba7-43a8-84ed-b5fe3fe02c3e-137062105011776", "trial_id": 1, "param_name": "padding1", "param_value_internal": 1, "distribution": "{\"name\": \"CategoricalDistribution\", \"attributes\": {\"choices\": [\"same\", \"valid\"]}}"}
{"op_code": 5, "worker_id": "31fbc84c-6ba7-43a8-84ed-b5fe3fe02c3e-137062113404480", "trial_id": 0, "param_name": "hidden_activation_2", "param_value_internal": 0, "distribution": "{\"name\": \"CategoricalDistribution\", \"attributes\": {\"choices\": [\"relu\", \"sigmoid\", \"tanh\", \"gelu\"]}}"}
{"op_code": 5, "worker_id": "31fbc84c-6ba7-43a8-84ed-b5fe3fe02c3e-137062113404480", "trial_id": 0, "param_name": "dropout_conv_2", "param_value_internal": 0.2601479065217104, "distribution": "{\"name\": \"FloatDistribution\", \"attributes\": {\"step\": null, \"low\": 0.0, \"high\": 0.6, \"log\": false}}"}
{"op_code": 5, "worker_id": "31fbc84c-6ba7-43a8-84ed-b5fe3fe02c3e-137062113404480", "trial_id": 0, "param_name": "padding2", "param_value_internal": 0, "distribution": "{\"name\": \"CategoricalDistribution\", \"attributes\": {\"choices\": [\"same\", \"valid\"]}}"}
{"op_code": 5, "worker_id": "31fbc84c-6ba7-43a8-84ed-b5fe3fe02c3e-137062105011776", "trial_id": 1, "param_name": "hidden_activation_2", "param_value_internal": 2, "distribution": "{\"name\": \"CategoricalDistribution\", \"attributes\": {\"choices\": [\"relu\", \"sigmoid\", \"tanh\", \"gelu\"]}}"}
{"op_code": 5, "worker_id": "31fbc84c-6ba7-43a8-84ed-b5fe3fe02c3e-137062105011776", "trial_id": 1, "param_name": "dropout_conv_2", "param_value_internal": 0.14751820504967797, "distribution": "{\"name\": \"FloatDistribution\", \"attributes\": {\"step\": null, \"low\": 0.0, \"high\": 0.6, \"log\": false}}"}
{"op_code": 5, "worker_id": "31fbc84c-6ba7-43a8-84ed-b5fe3fe02c3e-137062105011776", "trial_id": 1, "param_name": "padding2", "param_value_internal": 1, "distribution": "{\"name\": \"CategoricalDistribution\", \"attributes\": {\"choices\": [\"same\", \"valid\"]}}"}
{"op_code": 5, "worker_id": "31fbc84c-6ba7-43a8-84ed-b5fe3fe02c3e-137062113404480", "trial_id": 0, "param_name": "hidden_activation_3", "param_value_internal": 1, "distribution": "{\"name\": \"CategoricalDistribution\", \"attributes\": {\"choices\": [\"relu\", \"sigmoid\", \"tanh\", \"gelu\"]}}"}
{"op_code": 5, "worker_id": "31fbc84c-6ba7-43a8-84ed-b5fe3fe02c3e-137062113404480", "trial_id": 0, "param_name": "dropout_conv_3", "param_value_internal": 0.22820243508640714, "distribution": "{\"name\": \"FloatDistribution\", \"attributes\": {\"step\": null, \"low\": 0.0, \"high\": 0.6, \"log\": false}}"}
{"op_code": 5, "worker_id": "31fbc84c-6ba7-43a8-84ed-b5fe3fe02c3e-137062113404480", "trial_id": 0, "param_name": "padding3", "param_value_internal": 0, "distribution": "{\"name\": \"CategoricalDistribution\", \"attributes\": {\"choices\": [\"same\", \"valid\"]}}"}
{"op_code": 5, "worker_id": "31fbc84c-6ba7-43a8-84ed-b5fe3fe02c3e-137062105011776", "trial_id": 1, "param_name": "hidden_activation_3", "param_value_internal": 0, "distribution": "{\"name\": \"CategoricalDistribution\", \"attributes\": {\"choices\": [\"relu\", \"sigmoid\", \"tanh\", \"gelu\"]}}"}
{"op_code": 5, "worker_id": "31fbc84c-6ba7-43a8-84ed-b5fe3fe02c3e-137062105011776", "trial_id": 1, "param_name": "dropout_conv_3", "param_value_internal": 0.16395779561106733, "distribution": "{\"name\": \"FloatDistribution\", \"attributes\": {\"step\": null, \"low\": 0.0, \"high\": 0.6, \"log\": false}}"}
{"op_code": 5, "worker_id": "31fbc84c-6ba7-43a8-84ed-b5fe3fe02c3e-137062105011776", "trial_id": 1, "param_name": "padding3", "param_value_internal": 0, "distribution": "{\"name\": \"CategoricalDistribution\", \"attributes\": {\"choices\": [\"same\", \"valid\"]}}"}
{"op_code": 5, "worker_id": "31fbc84c-6ba7-43a8-84ed-b5fe3fe02c3e-137062113404480", "trial_id": 0, "param_name": "hidden_activation_4", "param_value_internal": 0, "distribution": "{\"name\": \"CategoricalDistribution\", \"attributes\": {\"choices\": [\"relu\", \"sigmoid\", \"tanh\", \"gelu\"]}}"}
{"op_code": 5, "worker_id": "31fbc84c-6ba7-43a8-84ed-b5fe3fe02c3e-137062113404480", "trial_id": 0, "param_name": "dropout_conv_4", "param_value_internal": 0.2837686744891551, "distribution": "{\"name\": \"FloatDistribution\", \"attributes\": {\"step\": null, \"low\": 0.0, \"high\": 0.6, \"log\": false}}"}
{"op_code": 5, "worker_id": "31fbc84c-6ba7-43a8-84ed-b5fe3fe02c3e-137062113404480", "trial_id": 0, "param_name": "padding4", "param_value_internal": 0, "distribution": "{\"name\": \"CategoricalDistribution\", \"attributes\": {\"choices\": [\"same\", \"valid\"]}}"}
{"op_code": 5, "worker_id": "31fbc84c-6ba7-43a8-84ed-b5fe3fe02c3e-137062105011776", "trial_id": 1, "param_name": "units_0", "param_value_internal": 688.0, "distribution": "{\"name\": \"IntDistribution\", \"attributes\": {\"log\": false, \"step\": 1, \"low\": 32, \"high\": 720}}"}
{"op_code": 5, "worker_id": "31fbc84c-6ba7-43a8-84ed-b5fe3fe02c3e-137062105011776", "trial_id": 1, "param_name": "dropout_0", "param_value_internal": 0.2724449919218275, "distribution": "{\"name\": \"FloatDistribution\", \"attributes\": {\"step\": null, \"low\": 0.0, \"high\": 0.6, \"log\": false}}"}
{"op_code": 5, "worker_id": "31fbc84c-6ba7-43a8-84ed-b5fe3fe02c3e-137062113404480", "trial_id": 0, "param_name": "units_0", "param_value_internal": 630.0, "distribution": "{\"name\": \"IntDistribution\", \"attributes\": {\"log\": false, \"step\": 1, \"low\": 32, \"high\": 1088}}"}
{"op_code": 5, "worker_id": "31fbc84c-6ba7-43a8-84ed-b5fe3fe02c3e-137062113404480", "trial_id": 0, "param_name": "dropout_0", "param_value_internal": 0.04768273521218895, "distribution": "{\"name\": \"FloatDistribution\", \"attributes\": {\"step\": null, \"low\": 0.0, \"high\": 0.6, \"log\": false}}"}
{"op_code": 5, "worker_id": "31fbc84c-6ba7-43a8-84ed-b5fe3fe02c3e-137062105011776", "trial_id": 1, "param_name": "units_1", "param_value_internal": 452.0, "distribution": "{\"name\": \"IntDistribution\", \"attributes\": {\"log\": false, \"step\": 1, \"low\": 32, \"high\": 720}}"}
{"op_code": 5, "worker_id": "31fbc84c-6ba7-43a8-84ed-b5fe3fe02c3e-137062105011776", "trial_id": 1, "param_name": "dropout_1", "param_value_internal": 0.27121077431927787, "distribution": "{\"name\": \"FloatDistribution\", \"attributes\": {\"step\": null, \"low\": 0.0, \"high\": 0.6, \"log\": false}}"}
{"op_code": 5, "worker_id": "31fbc84c-6ba7-43a8-84ed-b5fe3fe02c3e-137062113404480", "trial_id": 0, "param_name": "units_1", "param_value_internal": 242.0, "distribution": "{\"name\": \"IntDistribution\", \"attributes\": {\"log\": false, \"step\": 1, \"low\": 32, \"high\": 1088}}"}
{"op_code": 5, "worker_id": "31fbc84c-6ba7-43a8-84ed-b5fe3fe02c3e-137062113404480", "trial_id": 0, "param_name": "dropout_1", "param_value_internal": 0.31474124925056995, "distribution": "{\"name\": \"FloatDistribution\", \"attributes\": {\"step\": null, \"low\": 0.0, \"high\": 0.6, \"log\": false}}"}
{"op_code": 5, "worker_id": "31fbc84c-6ba7-43a8-84ed-b5fe3fe02c3e-137062113404480", "trial_id": 0, "param_name": "units_2", "param_value_internal": 918.0, "distribution": "{\"name\": \"IntDistribution\", \"attributes\": {\"log\": false, \"step\": 1, \"low\": 32, \"high\": 1088}}"}
{"op_code": 5, "worker_id": "31fbc84c-6ba7-43a8-84ed-b5fe3fe02c3e-137062113404480", "trial_id": 0, "param_name": "dropout_2", "param_value_internal": 0.1882721294437146, "distribution": "{\"name\": \"FloatDistribution\", \"attributes\": {\"step\": null, \"low\": 0.0, \"high\": 0.6, \"log\": false}}"}
{"op_code": 5, "worker_id": "31fbc84c-6ba7-43a8-84ed-b5fe3fe02c3e-137062105011776", "trial_id": 1, "param_name": "batch_size", "param_value_internal": 4, "distribution": "{\"name\": \"CategoricalDistribution\", \"attributes\": {\"choices\": [64, 80, 96, 112, 128]}}"}
{"op_code": 8, "worker_id": "31fbc84c-6ba7-43a8-84ed-b5fe3fe02c3e-137062105011776", "trial_id": 1, "user_attr": {"fold": 1}}
{"op_code": 8, "worker_id": "31fbc84c-6ba7-43a8-84ed-b5fe3fe02c3e-137062105011776", "trial_id": 1, "user_attr": {"fit": "in corso"}}
{"op_code": 5, "worker_id": "31fbc84c-6ba7-43a8-84ed-b5fe3fe02c3e-137062113404480", "trial_id": 0, "param_name": "batch_size", "param_value_internal": 0, "distribution": "{\"name\": \"CategoricalDistribution\", \"attributes\": {\"choices\": [64, 80, 96, 112, 128]}}"}
{"op_code": 8, "worker_id": "31fbc84c-6ba7-43a8-84ed-b5fe3fe02c3e-137062113404480", "trial_id": 0, "user_attr": {"fold": 1}}
{"op_code": 8, "worker_id": "31fbc84c-6ba7-43a8-84ed-b5fe3fe02c3e-137062113404480", "trial_id": 0, "user_attr": {"fit": "in corso"}}
{"op_code": 8, "worker_id": "31fbc84c-6ba7-43a8-84ed-b5fe3fe02c3e-137062105011776", "trial_id": 1, "user_attr": {"fit": "terminato"}}
{"op_code": 8, "worker_id": "31fbc84c-6ba7-43a8-84ed-b5fe3fe02c3e-137062105011776", "trial_id": 1, "user_attr": {"fold": 2}}
{"op_code": 8, "worker_id": "31fbc84c-6ba7-43a8-84ed-b5fe3fe02c3e-137062105011776", "trial_id": 1, "user_attr": {"fit": "in corso"}}
{"op_code": 8, "worker_id": "31fbc84c-6ba7-43a8-84ed-b5fe3fe02c3e-137062113404480", "trial_id": 0, "user_attr": {"fit": "terminato"}}
{"op_code": 8, "worker_id": "31fbc84c-6ba7-43a8-84ed-b5fe3fe02c3e-137062113404480", "trial_id": 0, "user_attr": {"fold": 2}}
{"op_code": 8, "worker_id": "31fbc84c-6ba7-43a8-84ed-b5fe3fe02c3e-137062113404480", "trial_id": 0, "user_attr": {"fit": "in corso"}}
{"op_code": 8, "worker_id": "31fbc84c-6ba7-43a8-84ed-b5fe3fe02c3e-137062105011776", "trial_id": 1, "user_attr": {"fit": "terminato"}}
{"op_code": 8, "worker_id": "31fbc84c-6ba7-43a8-84ed-b5fe3fe02c3e-137062105011776", "trial_id": 1, "user_attr": {"fold": 3}}
{"op_code": 8, "worker_id": "31fbc84c-6ba7-43a8-84ed-b5fe3fe02c3e-137062105011776", "trial_id": 1, "user_attr": {"fit": "in corso"}}
{"op_code": 8, "worker_id": "31fbc84c-6ba7-43a8-84ed-b5fe3fe02c3e-137062113404480", "trial_id": 0, "user_attr": {"fit": "terminato"}}
{"op_code": 8, "worker_id": "31fbc84c-6ba7-43a8-84ed-b5fe3fe02c3e-137062113404480", "trial_id": 0, "user_attr": {"fold": 3}}
{"op_code": 8, "worker_id": "31fbc84c-6ba7-43a8-84ed-b5fe3fe02c3e-137062113404480", "trial_id": 0, "user_attr": {"fit": "in corso"}}
{"op_code": 8, "worker_id": "31fbc84c-6ba7-43a8-84ed-b5fe3fe02c3e-137062113404480", "trial_id": 0, "user_attr": {"fit": "terminato"}}
{"op_code": 8, "worker_id": "31fbc84c-6ba7-43a8-84ed-b5fe3fe02c3e-137062105011776", "trial_id": 1, "user_attr": {"fit": "terminato"}}
{"op_code": 7, "worker_id": "31fbc84c-6ba7-43a8-84ed-b5fe3fe02c3e-137062105011776", "trial_id": 1, "step": 0, "intermediate_value": 0.5888333221276602}
{"op_code": 8, "worker_id": "31fbc84c-6ba7-43a8-84ed-b5fe3fe02c3e-137062105011776", "trial_id": 1, "user_attr": {"fold": 4}}
{"op_code": 8, "worker_id": "31fbc84c-6ba7-43a8-84ed-b5fe3fe02c3e-137062105011776", "trial_id": 1, "user_attr": {"fit": "in corso"}}
{"op_code": 7, "worker_id": "31fbc84c-6ba7-43a8-84ed-b5fe3fe02c3e-137062113404480", "trial_id": 0, "step": 0, "intermediate_value": 0.5142222344875336}
{"op_code": 8, "worker_id": "31fbc84c-6ba7-43a8-84ed-b5fe3fe02c3e-137062113404480", "trial_id": 0, "user_attr": {"fold": 4}}
{"op_code": 8, "worker_id": "31fbc84c-6ba7-43a8-84ed-b5fe3fe02c3e-137062113404480", "trial_id": 0, "user_attr": {"fit": "in corso"}}
{"op_code": 8, "worker_id": "31fbc84c-6ba7-43a8-84ed-b5fe3fe02c3e-137062113404480", "trial_id": 0, "user_attr": {"fit": "terminato"}}
{"op_code": 8, "worker_id": "31fbc84c-6ba7-43a8-84ed-b5fe3fe02c3e-137062105011776", "trial_id": 1, "user_attr": {"fit": "terminato"}}
{"op_code": 7, "worker_id": "31fbc84c-6ba7-43a8-84ed-b5fe3fe02c3e-137062113404480", "trial_id": 0, "step": 1, "intermediate_value": 0.5028958395123482}
{"op_code": 8, "worker_id": "31fbc84c-6ba7-43a8-84ed-b5fe3fe02c3e-137062113404480", "trial_id": 0, "user_attr": {"fold": 5}}
{"op_code": 8, "worker_id": "31fbc84c-6ba7-43a8-84ed-b5fe3fe02c3e-137062113404480", "trial_id": 0, "user_attr": {"fit": "in corso"}}
{"op_code": 7, "worker_id": "31fbc84c-6ba7-43a8-84ed-b5fe3fe02c3e-137062105011776", "trial_id": 1, "step": 1, "intermediate_value": 0.6338541582226753}
{"op_code": 8, "worker_id": "31fbc84c-6ba7-43a8-84ed-b5fe3fe02c3e-137062105011776", "trial_id": 1, "user_attr": {"fold": 5}}
{"op_code": 8, "worker_id": "31fbc84c-6ba7-43a8-84ed-b5fe3fe02c3e-137062105011776", "trial_id": 1, "user_attr": {"fit": "in corso"}}
{"op_code": 8, "worker_id": "31fbc84c-6ba7-43a8-84ed-b5fe3fe02c3e-137062105011776", "trial_id": 1, "user_attr": {"fit": "terminato"}}
{"op_code": 7, "worker_id": "31fbc84c-6ba7-43a8-84ed-b5fe3fe02c3e-137062105011776", "trial_id": 1, "step": 2, "intermediate_value": 0.6626499950885772}
{"op_code": 6, "worker_id": "31fbc84c-6ba7-43a8-84ed-b5fe3fe02c3e-137062105011776", "trial_id": 1, "state": 1, "values": [0.6626499950885772], "datetime_complete": "2023-11-08T14:16:08.902723"}
{"op_code": 4, "worker_id": "31fbc84c-6ba7-43a8-84ed-b5fe3fe02c3e-137062105011776", "study_id": 0, "datetime_start": "2023-11-08T14:16:09.261096"}
{"op_code": 8, "worker_id": "31fbc84c-6ba7-43a8-84ed-b5fe3fe02c3e-137062105011776", "trial_id": 2, "user_attr": {"init_weights_pathname": "/content/tmp/init_weights_2"}}
{"op_code": 5, "worker_id": "31fbc84c-6ba7-43a8-84ed-b5fe3fe02c3e-137062105011776", "trial_id": 2, "param_name": "n_hidden_conv", "param_value_internal": 4.0, "distribution": "{\"name\": \"IntDistribution\", \"attributes\": {\"log\": false, \"step\": 1, \"low\": 2, \"high\": 5}}"}
{"op_code": 5, "worker_id": "31fbc84c-6ba7-43a8-84ed-b5fe3fe02c3e-137062105011776", "trial_id": 2, "param_name": "n_hidden", "param_value_internal": 3.0, "distribution": "{\"name\": \"IntDistribution\", \"attributes\": {\"log\": false, \"step\": 1, \"low\": 1, \"high\": 3}}"}
{"op_code": 5, "worker_id": "31fbc84c-6ba7-43a8-84ed-b5fe3fe02c3e-137062105011776", "trial_id": 2, "param_name": "learning_rate", "param_value_internal": 0.028891293957927104, "distribution": "{\"name\": \"FloatDistribution\", \"attributes\": {\"step\": null, \"low\": 1e-05, \"high\": 0.1, \"log\": true}}"}
{"op_code": 5, "worker_id": "31fbc84c-6ba7-43a8-84ed-b5fe3fe02c3e-137062105011776", "trial_id": 2, "param_name": "batch_norm", "param_value_internal": 0, "distribution": "{\"name\": \"CategoricalDistribution\", \"attributes\": {\"choices\": [\"True\", \"False\"]}}"}
{"op_code": 5, "worker_id": "31fbc84c-6ba7-43a8-84ed-b5fe3fe02c3e-137062105011776", "trial_id": 2, "param_name": "activity_regularizer", "param_value_internal": 1, "distribution": "{\"name\": \"CategoricalDistribution\", \"attributes\": {\"choices\": [\"True\", \"False\"]}}"}
{"op_code": 5, "worker_id": "31fbc84c-6ba7-43a8-84ed-b5fe3fe02c3e-137062105011776", "trial_id": 2, "param_name": "average_pooling", "param_value_internal": 0, "distribution": "{\"name\": \"CategoricalDistribution\", \"attributes\": {\"choices\": [\"True\", \"False\"]}}"}
{"op_code": 5, "worker_id": "31fbc84c-6ba7-43a8-84ed-b5fe3fe02c3e-137062105011776", "trial_id": 2, "param_name": "max_pooling", "param_value_internal": 1, "distribution": "{\"name\": \"CategoricalDistribution\", \"attributes\": {\"choices\": [\"True\", \"False\"]}}"}
{"op_code": 5, "worker_id": "31fbc84c-6ba7-43a8-84ed-b5fe3fe02c3e-137062105011776", "trial_id": 2, "param_name": "kernel_size", "param_value_internal": 2.0, "distribution": "{\"name\": \"IntDistribution\", \"attributes\": {\"log\": false, \"step\": 1, \"low\": 2, \"high\": 3}}"}
{"op_code": 5, "worker_id": "31fbc84c-6ba7-43a8-84ed-b5fe3fe02c3e-137062105011776", "trial_id": 2, "param_name": "filters", "param_value_internal": 33.0, "distribution": "{\"name\": \"IntDistribution\", \"attributes\": {\"log\": false, \"step\": 1, \"low\": 32, \"high\": 64}}"}
{"op_code": 5, "worker_id": "31fbc84c-6ba7-43a8-84ed-b5fe3fe02c3e-137062105011776", "trial_id": 2, "param_name": "hidden_activation_0", "param_value_internal": 2, "distribution": "{\"name\": \"CategoricalDistribution\", \"attributes\": {\"choices\": [\"relu\", \"sigmoid\", \"tanh\", \"gelu\"]}}"}
{"op_code": 5, "worker_id": "31fbc84c-6ba7-43a8-84ed-b5fe3fe02c3e-137062105011776", "trial_id": 2, "param_name": "dropout_conv_0", "param_value_internal": 0.5283918959177049, "distribution": "{\"name\": \"FloatDistribution\", \"attributes\": {\"step\": null, \"low\": 0.0, \"high\": 0.6, \"log\": false}}"}
{"op_code": 5, "worker_id": "31fbc84c-6ba7-43a8-84ed-b5fe3fe02c3e-137062105011776", "trial_id": 2, "param_name": "padding0", "param_value_internal": 0, "distribution": "{\"name\": \"CategoricalDistribution\", \"attributes\": {\"choices\": [\"same\", \"valid\"]}}"}
{"op_code": 5, "worker_id": "31fbc84c-6ba7-43a8-84ed-b5fe3fe02c3e-137062105011776", "trial_id": 2, "param_name": "hidden_activation_1", "param_value_internal": 3, "distribution": "{\"name\": \"CategoricalDistribution\", \"attributes\": {\"choices\": [\"relu\", \"sigmoid\", \"tanh\", \"gelu\"]}}"}
{"op_code": 5, "worker_id": "31fbc84c-6ba7-43a8-84ed-b5fe3fe02c3e-137062105011776", "trial_id": 2, "param_name": "dropout_conv_1", "param_value_internal": 0.34180229412561525, "distribution": "{\"name\": \"FloatDistribution\", \"attributes\": {\"step\": null, \"low\": 0.0, \"high\": 0.6, \"log\": false}}"}
{"op_code": 5, "worker_id": "31fbc84c-6ba7-43a8-84ed-b5fe3fe02c3e-137062105011776", "trial_id": 2, "param_name": "padding1", "param_value_internal": 0, "distribution": "{\"name\": \"CategoricalDistribution\", \"attributes\": {\"choices\": [\"same\", \"valid\"]}}"}
{"op_code": 5, "worker_id": "31fbc84c-6ba7-43a8-84ed-b5fe3fe02c3e-137062105011776", "trial_id": 2, "param_name": "hidden_activation_2", "param_value_internal": 0, "distribution": "{\"name\": \"CategoricalDistribution\", \"attributes\": {\"choices\": [\"relu\", \"sigmoid\", \"tanh\", \"gelu\"]}}"}
{"op_code": 5, "worker_id": "31fbc84c-6ba7-43a8-84ed-b5fe3fe02c3e-137062105011776", "trial_id": 2, "param_name": "dropout_conv_2", "param_value_internal": 0.5967504140649306, "distribution": "{\"name\": \"FloatDistribution\", \"attributes\": {\"step\": null, \"low\": 0.0, \"high\": 0.6, \"log\": false}}"}
{"op_code": 5, "worker_id": "31fbc84c-6ba7-43a8-84ed-b5fe3fe02c3e-137062105011776", "trial_id": 2, "param_name": "padding2", "param_value_internal": 0, "distribution": "{\"name\": \"CategoricalDistribution\", \"attributes\": {\"choices\": [\"same\", \"valid\"]}}"}
{"op_code": 5, "worker_id": "31fbc84c-6ba7-43a8-84ed-b5fe3fe02c3e-137062105011776", "trial_id": 2, "param_name": "hidden_activation_3", "param_value_internal": 2, "distribution": "{\"name\": \"CategoricalDistribution\", \"attributes\": {\"choices\": [\"relu\", \"sigmoid\", \"tanh\", \"gelu\"]}}"}
{"op_code": 5, "worker_id": "31fbc84c-6ba7-43a8-84ed-b5fe3fe02c3e-137062105011776", "trial_id": 2, "param_name": "dropout_conv_3", "param_value_internal": 0.15243313583800372, "distribution": "{\"name\": \"FloatDistribution\", \"attributes\": {\"step\": null, \"low\": 0.0, \"high\": 0.6, \"log\": false}}"}
{"op_code": 5, "worker_id": "31fbc84c-6ba7-43a8-84ed-b5fe3fe02c3e-137062105011776", "trial_id": 2, "param_name": "padding3", "param_value_internal": 0, "distribution": "{\"name\": \"CategoricalDistribution\", \"attributes\": {\"choices\": [\"same\", \"valid\"]}}"}
{"op_code": 5, "worker_id": "31fbc84c-6ba7-43a8-84ed-b5fe3fe02c3e-137062105011776", "trial_id": 2, "param_name": "units_0", "param_value_internal": 506.0, "distribution": "{\"name\": \"IntDistribution\", \"attributes\": {\"log\": false, \"step\": 1, \"low\": 32, \"high\": 528}}"}
{"op_code": 5, "worker_id": "31fbc84c-6ba7-43a8-84ed-b5fe3fe02c3e-137062105011776", "trial_id": 2, "param_name": "dropout_0", "param_value_internal": 0.37066417331635376, "distribution": "{\"name\": \"FloatDistribution\", \"attributes\": {\"step\": null, \"low\": 0.0, \"high\": 0.6, \"log\": false}}"}
{"op_code": 5, "worker_id": "31fbc84c-6ba7-43a8-84ed-b5fe3fe02c3e-137062105011776", "trial_id": 2, "param_name": "units_1", "param_value_internal": 249.0, "distribution": "{\"name\": \"IntDistribution\", \"attributes\": {\"log\": false, \"step\": 1, \"low\": 32, \"high\": 528}}"}
{"op_code": 5, "worker_id": "31fbc84c-6ba7-43a8-84ed-b5fe3fe02c3e-137062105011776", "trial_id": 2, "param_name": "dropout_1", "param_value_internal": 0.30427317707447016, "distribution": "{\"name\": \"FloatDistribution\", \"attributes\": {\"step\": null, \"low\": 0.0, \"high\": 0.6, \"log\": false}}"}
{"op_code": 5, "worker_id": "31fbc84c-6ba7-43a8-84ed-b5fe3fe02c3e-137062105011776", "trial_id": 2, "param_name": "units_2", "param_value_internal": 418.0, "distribution": "{\"name\": \"IntDistribution\", \"attributes\": {\"log\": false, \"step\": 1, \"low\": 32, \"high\": 528}}"}
{"op_code": 5, "worker_id": "31fbc84c-6ba7-43a8-84ed-b5fe3fe02c3e-137062105011776", "trial_id": 2, "param_name": "dropout_2", "param_value_internal": 0.3208469069385625, "distribution": "{\"name\": \"FloatDistribution\", \"attributes\": {\"step\": null, \"low\": 0.0, \"high\": 0.6, \"log\": false}}"}
{"op_code": 5, "worker_id": "31fbc84c-6ba7-43a8-84ed-b5fe3fe02c3e-137062105011776", "trial_id": 2, "param_name": "batch_size", "param_value_internal": 3, "distribution": "{\"name\": \"CategoricalDistribution\", \"attributes\": {\"choices\": [64, 80, 96, 112, 128]}}"}
{"op_code": 8, "worker_id": "31fbc84c-6ba7-43a8-84ed-b5fe3fe02c3e-137062105011776", "trial_id": 2, "user_attr": {"fold": 1}}
{"op_code": 8, "worker_id": "31fbc84c-6ba7-43a8-84ed-b5fe3fe02c3e-137062105011776", "trial_id": 2, "user_attr": {"fit": "in corso"}}
{"op_code": 8, "worker_id": "31fbc84c-6ba7-43a8-84ed-b5fe3fe02c3e-137062105011776", "trial_id": 2, "user_attr": {"fit": "terminato"}}
{"op_code": 8, "worker_id": "31fbc84c-6ba7-43a8-84ed-b5fe3fe02c3e-137062105011776", "trial_id": 2, "user_attr": {"fold": 2}}
{"op_code": 8, "worker_id": "31fbc84c-6ba7-43a8-84ed-b5fe3fe02c3e-137062105011776", "trial_id": 2, "user_attr": {"fit": "in corso"}}
{"op_code": 8, "worker_id": "31fbc84c-6ba7-43a8-84ed-b5fe3fe02c3e-137062113404480", "trial_id": 0, "user_attr": {"fit": "terminato"}}
{"op_code": 7, "worker_id": "31fbc84c-6ba7-43a8-84ed-b5fe3fe02c3e-137062113404480", "trial_id": 0, "step": 2, "intermediate_value": 0.5125666677951812}
{"op_code": 9, "worker_id": "31fbc84c-6ba7-43a8-84ed-b5fe3fe02c3e-137062113404480", "trial_id": 0, "system_attr": {"completed_rung_0": 0.5125666677951812}}
{"op_code": 6, "worker_id": "31fbc84c-6ba7-43a8-84ed-b5fe3fe02c3e-137062113404480", "trial_id": 0, "state": 1, "values": [0.5125666677951812], "datetime_complete": "2023-11-08T14:21:51.267353"}
{"op_code": 4, "worker_id": "31fbc84c-6ba7-43a8-84ed-b5fe3fe02c3e-137062113404480", "study_id": 0, "datetime_start": "2023-11-08T14:21:51.596499"}
{"op_code": 8, "worker_id": "31fbc84c-6ba7-43a8-84ed-b5fe3fe02c3e-137062113404480", "trial_id": 3, "user_attr": {"init_weights_pathname": "/content/tmp/init_weights_3"}}
{"op_code": 5, "worker_id": "31fbc84c-6ba7-43a8-84ed-b5fe3fe02c3e-137062113404480", "trial_id": 3, "param_name": "n_hidden_conv", "param_value_internal": 3.0, "distribution": "{\"name\": \"IntDistribution\", \"attributes\": {\"log\": false, \"step\": 1, \"low\": 2, \"high\": 5}}"}
{"op_code": 5, "worker_id": "31fbc84c-6ba7-43a8-84ed-b5fe3fe02c3e-137062113404480", "trial_id": 3, "param_name": "n_hidden", "param_value_internal": 1.0, "distribution": "{\"name\": \"IntDistribution\", \"attributes\": {\"log\": false, \"step\": 1, \"low\": 1, \"high\": 3}}"}
{"op_code": 5, "worker_id": "31fbc84c-6ba7-43a8-84ed-b5fe3fe02c3e-137062113404480", "trial_id": 3, "param_name": "learning_rate", "param_value_internal": 0.004989197462752045, "distribution": "{\"name\": \"FloatDistribution\", \"attributes\": {\"step\": null, \"low\": 1e-05, \"high\": 0.1, \"log\": true}}"}
{"op_code": 5, "worker_id": "31fbc84c-6ba7-43a8-84ed-b5fe3fe02c3e-137062113404480", "trial_id": 3, "param_name": "batch_norm", "param_value_internal": 0, "distribution": "{\"name\": \"CategoricalDistribution\", \"attributes\": {\"choices\": [\"True\", \"False\"]}}"}
{"op_code": 5, "worker_id": "31fbc84c-6ba7-43a8-84ed-b5fe3fe02c3e-137062113404480", "trial_id": 3, "param_name": "activity_regularizer", "param_value_internal": 1, "distribution": "{\"name\": \"CategoricalDistribution\", \"attributes\": {\"choices\": [\"True\", \"False\"]}}"}
{"op_code": 5, "worker_id": "31fbc84c-6ba7-43a8-84ed-b5fe3fe02c3e-137062113404480", "trial_id": 3, "param_name": "average_pooling", "param_value_internal": 1, "distribution": "{\"name\": \"CategoricalDistribution\", \"attributes\": {\"choices\": [\"True\", \"False\"]}}"}
{"op_code": 5, "worker_id": "31fbc84c-6ba7-43a8-84ed-b5fe3fe02c3e-137062113404480", "trial_id": 3, "param_name": "max_pooling", "param_value_internal": 1, "distribution": "{\"name\": \"CategoricalDistribution\", \"attributes\": {\"choices\": [\"True\", \"False\"]}}"}
{"op_code": 5, "worker_id": "31fbc84c-6ba7-43a8-84ed-b5fe3fe02c3e-137062113404480", "trial_id": 3, "param_name": "kernel_size", "param_value_internal": 3.0, "distribution": "{\"name\": \"IntDistribution\", \"attributes\": {\"log\": false, \"step\": 1, \"low\": 2, \"high\": 3}}"}
{"op_code": 5, "worker_id": "31fbc84c-6ba7-43a8-84ed-b5fe3fe02c3e-137062113404480", "trial_id": 3, "param_name": "filters", "param_value_internal": 50.0, "distribution": "{\"name\": \"IntDistribution\", \"attributes\": {\"log\": false, \"step\": 1, \"low\": 32, \"high\": 64}}"}
{"op_code": 5, "worker_id": "31fbc84c-6ba7-43a8-84ed-b5fe3fe02c3e-137062113404480", "trial_id": 3, "param_name": "hidden_activation_0", "param_value_internal": 0, "distribution": "{\"name\": \"CategoricalDistribution\", \"attributes\": {\"choices\": [\"relu\", \"sigmoid\", \"tanh\", \"gelu\"]}}"}
{"op_code": 5, "worker_id": "31fbc84c-6ba7-43a8-84ed-b5fe3fe02c3e-137062113404480", "trial_id": 3, "param_name": "dropout_conv_0", "param_value_internal": 0.11305383597873998, "distribution": "{\"name\": \"FloatDistribution\", \"attributes\": {\"step\": null, \"low\": 0.0, \"high\": 0.6, \"log\": false}}"}
{"op_code": 5, "worker_id": "31fbc84c-6ba7-43a8-84ed-b5fe3fe02c3e-137062113404480", "trial_id": 3, "param_name": "padding0", "param_value_internal": 0, "distribution": "{\"name\": \"CategoricalDistribution\", \"attributes\": {\"choices\": [\"same\", \"valid\"]}}"}
{"op_code": 5, "worker_id": "31fbc84c-6ba7-43a8-84ed-b5fe3fe02c3e-137062113404480", "trial_id": 3, "param_name": "hidden_activation_1", "param_value_internal": 1, "distribution": "{\"name\": \"CategoricalDistribution\", \"attributes\": {\"choices\": [\"relu\", \"sigmoid\", \"tanh\", \"gelu\"]}}"}
{"op_code": 5, "worker_id": "31fbc84c-6ba7-43a8-84ed-b5fe3fe02c3e-137062113404480", "trial_id": 3, "param_name": "dropout_conv_1", "param_value_internal": 0.1998559366315943, "distribution": "{\"name\": \"FloatDistribution\", \"attributes\": {\"step\": null, \"low\": 0.0, \"high\": 0.6, \"log\": false}}"}
{"op_code": 5, "worker_id": "31fbc84c-6ba7-43a8-84ed-b5fe3fe02c3e-137062113404480", "trial_id": 3, "param_name": "padding1", "param_value_internal": 0, "distribution": "{\"name\": \"CategoricalDistribution\", \"attributes\": {\"choices\": [\"same\", \"valid\"]}}"}
{"op_code": 5, "worker_id": "31fbc84c-6ba7-43a8-84ed-b5fe3fe02c3e-137062113404480", "trial_id": 3, "param_name": "hidden_activation_2", "param_value_internal": 0, "distribution": "{\"name\": \"CategoricalDistribution\", \"attributes\": {\"choices\": [\"relu\", \"sigmoid\", \"tanh\", \"gelu\"]}}"}
{"op_code": 5, "worker_id": "31fbc84c-6ba7-43a8-84ed-b5fe3fe02c3e-137062113404480", "trial_id": 3, "param_name": "dropout_conv_2", "param_value_internal": 0.19638045688138048, "distribution": "{\"name\": \"FloatDistribution\", \"attributes\": {\"step\": null, \"low\": 0.0, \"high\": 0.6, \"log\": false}}"}
{"op_code": 5, "worker_id": "31fbc84c-6ba7-43a8-84ed-b5fe3fe02c3e-137062113404480", "trial_id": 3, "param_name": "padding2", "param_value_internal": 0, "distribution": "{\"name\": \"CategoricalDistribution\", \"attributes\": {\"choices\": [\"same\", \"valid\"]}}"}
{"op_code": 5, "worker_id": "31fbc84c-6ba7-43a8-84ed-b5fe3fe02c3e-137062113404480", "trial_id": 3, "param_name": "units_0", "param_value_internal": 55.0, "distribution": "{\"name\": \"IntDistribution\", \"attributes\": {\"log\": false, \"step\": 1, \"low\": 32, \"high\": 400}}"}
{"op_code": 5, "worker_id": "31fbc84c-6ba7-43a8-84ed-b5fe3fe02c3e-137062113404480", "trial_id": 3, "param_name": "dropout_0", "param_value_internal": 0.5280357569090293, "distribution": "{\"name\": \"FloatDistribution\", \"attributes\": {\"step\": null, \"low\": 0.0, \"high\": 0.6, \"log\": false}}"}
{"op_code": 5, "worker_id": "31fbc84c-6ba7-43a8-84ed-b5fe3fe02c3e-137062113404480", "trial_id": 3, "param_name": "batch_size", "param_value_internal": 4, "distribution": "{\"name\": \"CategoricalDistribution\", \"attributes\": {\"choices\": [64, 80, 96, 112, 128]}}"}
{"op_code": 8, "worker_id": "31fbc84c-6ba7-43a8-84ed-b5fe3fe02c3e-137062113404480", "trial_id": 3, "user_attr": {"fold": 1}}
{"op_code": 8, "worker_id": "31fbc84c-6ba7-43a8-84ed-b5fe3fe02c3e-137062113404480", "trial_id": 3, "user_attr": {"fit": "in corso"}}
{"op_code": 8, "worker_id": "31fbc84c-6ba7-43a8-84ed-b5fe3fe02c3e-137062105011776", "trial_id": 2, "user_attr": {"fit": "terminato"}}
{"op_code": 8, "worker_id": "31fbc84c-6ba7-43a8-84ed-b5fe3fe02c3e-137062105011776", "trial_id": 2, "user_attr": {"fold": 3}}
{"op_code": 8, "worker_id": "31fbc84c-6ba7-43a8-84ed-b5fe3fe02c3e-137062105011776", "trial_id": 2, "user_attr": {"fit": "in corso"}}
{"op_code": 8, "worker_id": "31fbc84c-6ba7-43a8-84ed-b5fe3fe02c3e-137062105011776", "trial_id": 2, "user_attr": {"fit": "terminato"}}
{"op_code": 8, "worker_id": "31fbc84c-6ba7-43a8-84ed-b5fe3fe02c3e-137062113404480", "trial_id": 3, "user_attr": {"fit": "terminato"}}
{"op_code": 8, "worker_id": "31fbc84c-6ba7-43a8-84ed-b5fe3fe02c3e-137062113404480", "trial_id": 3, "user_attr": {"fold": 2}}
{"op_code": 8, "worker_id": "31fbc84c-6ba7-43a8-84ed-b5fe3fe02c3e-137062113404480", "trial_id": 3, "user_attr": {"fit": "in corso"}}
{"op_code": 7, "worker_id": "31fbc84c-6ba7-43a8-84ed-b5fe3fe02c3e-137062105011776", "trial_id": 2, "step": 0, "intermediate_value": 0.10000000149011612}
{"op_code": 8, "worker_id": "31fbc84c-6ba7-43a8-84ed-b5fe3fe02c3e-137062105011776", "trial_id": 2, "user_attr": {"fold": 4}}
{"op_code": 8, "worker_id": "31fbc84c-6ba7-43a8-84ed-b5fe3fe02c3e-137062105011776", "trial_id": 2, "user_attr": {"fit": "in corso"}}
{"op_code": 8, "worker_id": "31fbc84c-6ba7-43a8-84ed-b5fe3fe02c3e-137062105011776", "trial_id": 2, "user_attr": {"fit": "terminato"}}
{"op_code": 7, "worker_id": "31fbc84c-6ba7-43a8-84ed-b5fe3fe02c3e-137062105011776", "trial_id": 2, "step": 1, "intermediate_value": 0.10000000149011612}
{"op_code": 9, "worker_id": "31fbc84c-6ba7-43a8-84ed-b5fe3fe02c3e-137062105011776", "trial_id": 2, "system_attr": {"completed_rung_0": 0.10000000149011612}}
{"op_code": 6, "worker_id": "31fbc84c-6ba7-43a8-84ed-b5fe3fe02c3e-137062105011776", "trial_id": 2, "state": 2, "values": [0.10000000149011612], "datetime_complete": "2023-11-08T14:28:17.460839"}
{"op_code": 8, "worker_id": "31fbc84c-6ba7-43a8-84ed-b5fe3fe02c3e-137062113404480", "trial_id": 3, "user_attr": {"fit": "terminato"}}
{"op_code": 8, "worker_id": "31fbc84c-6ba7-43a8-84ed-b5fe3fe02c3e-137062113404480", "trial_id": 3, "user_attr": {"fold": 3}}
{"op_code": 8, "worker_id": "31fbc84c-6ba7-43a8-84ed-b5fe3fe02c3e-137062113404480", "trial_id": 3, "user_attr": {"fit": "in corso"}}
{"op_code": 8, "worker_id": "31fbc84c-6ba7-43a8-84ed-b5fe3fe02c3e-137062113404480", "trial_id": 3, "user_attr": {"fit": "terminato"}}
{"op_code": 7, "worker_id": "31fbc84c-6ba7-43a8-84ed-b5fe3fe02c3e-137062113404480", "trial_id": 3, "step": 0, "intermediate_value": 0.897944450378418}
{"op_code": 8, "worker_id": "31fbc84c-6ba7-43a8-84ed-b5fe3fe02c3e-137062113404480", "trial_id": 3, "user_attr": {"fold": 4}}
{"op_code": 8, "worker_id": "31fbc84c-6ba7-43a8-84ed-b5fe3fe02c3e-137062113404480", "trial_id": 3, "user_attr": {"fit": "in corso"}}
{"op_code": 8, "worker_id": "31fbc84c-6ba7-43a8-84ed-b5fe3fe02c3e-137062113404480", "trial_id": 3, "user_attr": {"fit": "terminato"}}
{"op_code": 7, "worker_id": "31fbc84c-6ba7-43a8-84ed-b5fe3fe02c3e-137062113404480", "trial_id": 3, "step": 1, "intermediate_value": 0.900541678071022}
{"op_code": 9, "worker_id": "31fbc84c-6ba7-43a8-84ed-b5fe3fe02c3e-137062113404480", "trial_id": 3, "system_attr": {"completed_rung_0": 0.900541678071022}}
{"op_code": 8, "worker_id": "31fbc84c-6ba7-43a8-84ed-b5fe3fe02c3e-137062113404480", "trial_id": 3, "user_attr": {"fold": 5}}
{"op_code": 8, "worker_id": "31fbc84c-6ba7-43a8-84ed-b5fe3fe02c3e-137062113404480", "trial_id": 3, "user_attr": {"fit": "in corso"}}
{"op_code": 8, "worker_id": "31fbc84c-6ba7-43a8-84ed-b5fe3fe02c3e-137062113404480", "trial_id": 3, "user_attr": {"fit": "terminato"}}
{"op_code": 7, "worker_id": "31fbc84c-6ba7-43a8-84ed-b5fe3fe02c3e-137062113404480", "trial_id": 3, "step": 2, "intermediate_value": 0.8977000117301941}
{"op_code": 6, "worker_id": "31fbc84c-6ba7-43a8-84ed-b5fe3fe02c3e-137062113404480", "trial_id": 3, "state": 1, "values": [0.8977000117301941], "datetime_complete": "2023-11-08T14:36:13.499325"}
{"op_code": 4, "worker_id": "39381404-b71f-4da4-9860-9991d1abbda4-137062113404480", "study_id": 0, "datetime_start": "2023-11-08T14:37:25.244062"}
{"op_code": 8, "worker_id": "39381404-b71f-4da4-9860-9991d1abbda4-137062113404480", "trial_id": 4, "user_attr": {"init_weights_pathname": "/content/tmp/init_weights_4"}}
{"op_code": 4, "worker_id": "39381404-b71f-4da4-9860-9991d1abbda4-137055205221952", "study_id": 0, "datetime_start": "2023-11-08T14:37:25.249236"}
{"op_code": 8, "worker_id": "39381404-b71f-4da4-9860-9991d1abbda4-137055205221952", "trial_id": 5, "user_attr": {"init_weights_pathname": "/content/tmp/init_weights_5"}}
{"op_code": 5, "worker_id": "39381404-b71f-4da4-9860-9991d1abbda4-137062113404480", "trial_id": 4, "param_name": "n_hidden_conv", "param_value_internal": 4.0, "distribution": "{\"name\": \"IntDistribution\", \"attributes\": {\"log\": false, \"step\": 1, \"low\": 2, \"high\": 5}}"}
{"op_code": 5, "worker_id": "39381404-b71f-4da4-9860-9991d1abbda4-137062113404480", "trial_id": 4, "param_name": "n_hidden", "param_value_internal": 3.0, "distribution": "{\"name\": \"IntDistribution\", \"attributes\": {\"log\": false, \"step\": 1, \"low\": 1, \"high\": 3}}"}
{"op_code": 5, "worker_id": "39381404-b71f-4da4-9860-9991d1abbda4-137055205221952", "trial_id": 5, "param_name": "n_hidden_conv", "param_value_internal": 3.0, "distribution": "{\"name\": \"IntDistribution\", \"attributes\": {\"log\": false, \"step\": 1, \"low\": 2, \"high\": 5}}"}
{"op_code": 5, "worker_id": "39381404-b71f-4da4-9860-9991d1abbda4-137062113404480", "trial_id": 4, "param_name": "learning_rate", "param_value_internal": 0.0012511745675703706, "distribution": "{\"name\": \"FloatDistribution\", \"attributes\": {\"step\": null, \"low\": 1e-05, \"high\": 0.1, \"log\": true}}"}
{"op_code": 5, "worker_id": "39381404-b71f-4da4-9860-9991d1abbda4-137055205221952", "trial_id": 5, "param_name": "n_hidden", "param_value_internal": 2.0, "distribution": "{\"name\": \"IntDistribution\", \"attributes\": {\"log\": false, \"step\": 1, \"low\": 1, \"high\": 3}}"}
{"op_code": 5, "worker_id": "39381404-b71f-4da4-9860-9991d1abbda4-137062113404480", "trial_id": 4, "param_name": "batch_norm", "param_value_internal": 1, "distribution": "{\"name\": \"CategoricalDistribution\", \"attributes\": {\"choices\": [\"True\", \"False\"]}}"}
{"op_code": 5, "worker_id": "39381404-b71f-4da4-9860-9991d1abbda4-137055205221952", "trial_id": 5, "param_name": "learning_rate", "param_value_internal": 0.0027320014378710697, "distribution": "{\"name\": \"FloatDistribution\", \"attributes\": {\"step\": null, \"low\": 1e-05, \"high\": 0.1, \"log\": true}}"}
{"op_code": 5, "worker_id": "39381404-b71f-4da4-9860-9991d1abbda4-137062113404480", "trial_id": 4, "param_name": "activity_regularizer", "param_value_internal": 0, "distribution": "{\"name\": \"CategoricalDistribution\", \"attributes\": {\"choices\": [\"True\", \"False\"]}}"}
{"op_code": 5, "worker_id": "39381404-b71f-4da4-9860-9991d1abbda4-137055205221952", "trial_id": 5, "param_name": "batch_norm", "param_value_internal": 1, "distribution": "{\"name\": \"CategoricalDistribution\", \"attributes\": {\"choices\": [\"True\", \"False\"]}}"}
{"op_code": 5, "worker_id": "39381404-b71f-4da4-9860-9991d1abbda4-137062113404480", "trial_id": 4, "param_name": "average_pooling", "param_value_internal": 0, "distribution": "{\"name\": \"CategoricalDistribution\", \"attributes\": {\"choices\": [\"True\", \"False\"]}}"}
{"op_code": 5, "worker_id": "39381404-b71f-4da4-9860-9991d1abbda4-137055205221952", "trial_id": 5, "param_name": "activity_regularizer", "param_value_internal": 0, "distribution": "{\"name\": \"CategoricalDistribution\", \"attributes\": {\"choices\": [\"True\", \"False\"]}}"}
{"op_code": 5, "worker_id": "39381404-b71f-4da4-9860-9991d1abbda4-137062113404480", "trial_id": 4, "param_name": "max_pooling", "param_value_internal": 1, "distribution": "{\"name\": \"CategoricalDistribution\", \"attributes\": {\"choices\": [\"True\", \"False\"]}}"}
{"op_code": 5, "worker_id": "39381404-b71f-4da4-9860-9991d1abbda4-137055205221952", "trial_id": 5, "param_name": "average_pooling", "param_value_internal": 0, "distribution": "{\"name\": \"CategoricalDistribution\", \"attributes\": {\"choices\": [\"True\", \"False\"]}}"}
{"op_code": 5, "worker_id": "39381404-b71f-4da4-9860-9991d1abbda4-137062113404480", "trial_id": 4, "param_name": "kernel_size", "param_value_internal": 3.0, "distribution": "{\"name\": \"IntDistribution\", \"attributes\": {\"log\": false, \"step\": 1, \"low\": 2, \"high\": 3}}"}
{"op_code": 5, "worker_id": "39381404-b71f-4da4-9860-9991d1abbda4-137055205221952", "trial_id": 5, "param_name": "max_pooling", "param_value_internal": 0, "distribution": "{\"name\": \"CategoricalDistribution\", \"attributes\": {\"choices\": [\"True\", \"False\"]}}"}
{"op_code": 5, "worker_id": "39381404-b71f-4da4-9860-9991d1abbda4-137062113404480", "trial_id": 4, "param_name": "filters", "param_value_internal": 56.0, "distribution": "{\"name\": \"IntDistribution\", \"attributes\": {\"log\": false, \"step\": 1, \"low\": 32, \"high\": 64}}"}
{"op_code": 5, "worker_id": "39381404-b71f-4da4-9860-9991d1abbda4-137055205221952", "trial_id": 5, "param_name": "kernel_size", "param_value_internal": 3.0, "distribution": "{\"name\": \"IntDistribution\", \"attributes\": {\"log\": false, \"step\": 1, \"low\": 2, \"high\": 3}}"}
{"op_code": 5, "worker_id": "39381404-b71f-4da4-9860-9991d1abbda4-137062113404480", "trial_id": 4, "param_name": "hidden_activation_0", "param_value_internal": 1, "distribution": "{\"name\": \"CategoricalDistribution\", \"attributes\": {\"choices\": [\"relu\", \"sigmoid\", \"tanh\", \"gelu\"]}}"}
{"op_code": 5, "worker_id": "39381404-b71f-4da4-9860-9991d1abbda4-137055205221952", "trial_id": 5, "param_name": "filters", "param_value_internal": 38.0, "distribution": "{\"name\": \"IntDistribution\", \"attributes\": {\"log\": false, \"step\": 1, \"low\": 32, \"high\": 64}}"}
{"op_code": 5, "worker_id": "39381404-b71f-4da4-9860-9991d1abbda4-137062113404480", "trial_id": 4, "param_name": "dropout_conv_0", "param_value_internal": 0.5912474515778794, "distribution": "{\"name\": \"FloatDistribution\", \"attributes\": {\"step\": null, \"low\": 0.0, \"high\": 0.6, \"log\": false}}"}
{"op_code": 5, "worker_id": "39381404-b71f-4da4-9860-9991d1abbda4-137055205221952", "trial_id": 5, "param_name": "hidden_activation_0", "param_value_internal": 2, "distribution": "{\"name\": \"CategoricalDistribution\", \"attributes\": {\"choices\": [\"relu\", \"sigmoid\", \"tanh\", \"gelu\"]}}"}
{"op_code": 5, "worker_id": "39381404-b71f-4da4-9860-9991d1abbda4-137062113404480", "trial_id": 4, "param_name": "padding0", "param_value_internal": 0, "distribution": "{\"name\": \"CategoricalDistribution\", \"attributes\": {\"choices\": [\"same\", \"valid\"]}}"}
{"op_code": 5, "worker_id": "39381404-b71f-4da4-9860-9991d1abbda4-137055205221952", "trial_id": 5, "param_name": "dropout_conv_0", "param_value_internal": 0.5745429954403264, "distribution": "{\"name\": \"FloatDistribution\", \"attributes\": {\"step\": null, \"low\": 0.0, \"high\": 0.6, \"log\": false}}"}
{"op_code": 5, "worker_id": "39381404-b71f-4da4-9860-9991d1abbda4-137055205221952", "trial_id": 5, "param_name": "padding0", "param_value_internal": 0, "distribution": "{\"name\": \"CategoricalDistribution\", \"attributes\": {\"choices\": [\"same\", \"valid\"]}}"}
{"op_code": 5, "worker_id": "39381404-b71f-4da4-9860-9991d1abbda4-137062113404480", "trial_id": 4, "param_name": "hidden_activation_1", "param_value_internal": 0, "distribution": "{\"name\": \"CategoricalDistribution\", \"attributes\": {\"choices\": [\"relu\", \"sigmoid\", \"tanh\", \"gelu\"]}}"}
{"op_code": 5, "worker_id": "39381404-b71f-4da4-9860-9991d1abbda4-137062113404480", "trial_id": 4, "param_name": "dropout_conv_1", "param_value_internal": 0.48618597005469444, "distribution": "{\"name\": \"FloatDistribution\", \"attributes\": {\"step\": null, \"low\": 0.0, \"high\": 0.6, \"log\": false}}"}
{"op_code": 5, "worker_id": "39381404-b71f-4da4-9860-9991d1abbda4-137062113404480", "trial_id": 4, "param_name": "padding1", "param_value_internal": 1, "distribution": "{\"name\": \"CategoricalDistribution\", \"attributes\": {\"choices\": [\"same\", \"valid\"]}}"}
{"op_code": 5, "worker_id": "39381404-b71f-4da4-9860-9991d1abbda4-137055205221952", "trial_id": 5, "param_name": "hidden_activation_1", "param_value_internal": 1, "distribution": "{\"name\": \"CategoricalDistribution\", \"attributes\": {\"choices\": [\"relu\", \"sigmoid\", \"tanh\", \"gelu\"]}}"}
{"op_code": 5, "worker_id": "39381404-b71f-4da4-9860-9991d1abbda4-137055205221952", "trial_id": 5, "param_name": "dropout_conv_1", "param_value_internal": 0.1901780373071629, "distribution": "{\"name\": \"FloatDistribution\", \"attributes\": {\"step\": null, \"low\": 0.0, \"high\": 0.6, \"log\": false}}"}
{"op_code": 5, "worker_id": "39381404-b71f-4da4-9860-9991d1abbda4-137055205221952", "trial_id": 5, "param_name": "padding1", "param_value_internal": 1, "distribution": "{\"name\": \"CategoricalDistribution\", \"attributes\": {\"choices\": [\"same\", \"valid\"]}}"}
{"op_code": 5, "worker_id": "39381404-b71f-4da4-9860-9991d1abbda4-137062113404480", "trial_id": 4, "param_name": "hidden_activation_2", "param_value_internal": 2, "distribution": "{\"name\": \"CategoricalDistribution\", \"attributes\": {\"choices\": [\"relu\", \"sigmoid\", \"tanh\", \"gelu\"]}}"}
{"op_code": 5, "worker_id": "39381404-b71f-4da4-9860-9991d1abbda4-137062113404480", "trial_id": 4, "param_name": "dropout_conv_2", "param_value_internal": 0.024003586711272073, "distribution": "{\"name\": \"FloatDistribution\", \"attributes\": {\"step\": null, \"low\": 0.0, \"high\": 0.6, \"log\": false}}"}
{"op_code": 5, "worker_id": "39381404-b71f-4da4-9860-9991d1abbda4-137062113404480", "trial_id": 4, "param_name": "padding2", "param_value_internal": 1, "distribution": "{\"name\": \"CategoricalDistribution\", \"attributes\": {\"choices\": [\"same\", \"valid\"]}}"}
{"op_code": 5, "worker_id": "39381404-b71f-4da4-9860-9991d1abbda4-137055205221952", "trial_id": 5, "param_name": "hidden_activation_2", "param_value_internal": 0, "distribution": "{\"name\": \"CategoricalDistribution\", \"attributes\": {\"choices\": [\"relu\", \"sigmoid\", \"tanh\", \"gelu\"]}}"}
{"op_code": 5, "worker_id": "39381404-b71f-4da4-9860-9991d1abbda4-137055205221952", "trial_id": 5, "param_name": "dropout_conv_2", "param_value_internal": 0.005692833331939773, "distribution": "{\"name\": \"FloatDistribution\", \"attributes\": {\"step\": null, \"low\": 0.0, \"high\": 0.6, \"log\": false}}"}
{"op_code": 5, "worker_id": "39381404-b71f-4da4-9860-9991d1abbda4-137055205221952", "trial_id": 5, "param_name": "padding2", "param_value_internal": 0, "distribution": "{\"name\": \"CategoricalDistribution\", \"attributes\": {\"choices\": [\"same\", \"valid\"]}}"}
{"op_code": 5, "worker_id": "39381404-b71f-4da4-9860-9991d1abbda4-137062113404480", "trial_id": 4, "param_name": "hidden_activation_3", "param_value_internal": 0, "distribution": "{\"name\": \"CategoricalDistribution\", \"attributes\": {\"choices\": [\"relu\", \"sigmoid\", \"tanh\", \"gelu\"]}}"}
{"op_code": 5, "worker_id": "39381404-b71f-4da4-9860-9991d1abbda4-137062113404480", "trial_id": 4, "param_name": "dropout_conv_3", "param_value_internal": 0.31452146572565237, "distribution": "{\"name\": \"FloatDistribution\", \"attributes\": {\"step\": null, \"low\": 0.0, \"high\": 0.6, \"log\": false}}"}
{"op_code": 5, "worker_id": "39381404-b71f-4da4-9860-9991d1abbda4-137062113404480", "trial_id": 4, "param_name": "padding3", "param_value_internal": 1, "distribution": "{\"name\": \"CategoricalDistribution\", \"attributes\": {\"choices\": [\"same\", \"valid\"]}}"}
{"op_code": 5, "worker_id": "39381404-b71f-4da4-9860-9991d1abbda4-137055205221952", "trial_id": 5, "param_name": "units_0", "param_value_internal": 65.0, "distribution": "{\"name\": \"IntDistribution\", \"attributes\": {\"log\": false, \"step\": 1, \"low\": 32, \"high\": 304}}"}
{"op_code": 5, "worker_id": "39381404-b71f-4da4-9860-9991d1abbda4-137055205221952", "trial_id": 5, "param_name": "dropout_0", "param_value_internal": 0.5833662896814684, "distribution": "{\"name\": \"FloatDistribution\", \"attributes\": {\"step\": null, \"low\": 0.0, \"high\": 0.6, \"log\": false}}"}
{"op_code": 5, "worker_id": "39381404-b71f-4da4-9860-9991d1abbda4-137062113404480", "trial_id": 4, "param_name": "units_0", "param_value_internal": 242.0, "distribution": "{\"name\": \"IntDistribution\", \"attributes\": {\"log\": false, \"step\": 1, \"low\": 32, \"high\": 896}}"}
{"op_code": 5, "worker_id": "39381404-b71f-4da4-9860-9991d1abbda4-137062113404480", "trial_id": 4, "param_name": "dropout_0", "param_value_internal": 0.19022091046392123, "distribution": "{\"name\": \"FloatDistribution\", \"attributes\": {\"step\": null, \"low\": 0.0, \"high\": 0.6, \"log\": false}}"}
{"op_code": 5, "worker_id": "39381404-b71f-4da4-9860-9991d1abbda4-137055205221952", "trial_id": 5, "param_name": "units_1", "param_value_internal": 159.0, "distribution": "{\"name\": \"IntDistribution\", \"attributes\": {\"log\": false, \"step\": 1, \"low\": 32, \"high\": 304}}"}
{"op_code": 5, "worker_id": "39381404-b71f-4da4-9860-9991d1abbda4-137055205221952", "trial_id": 5, "param_name": "dropout_1", "param_value_internal": 0.21524150587656832, "distribution": "{\"name\": \"FloatDistribution\", \"attributes\": {\"step\": null, \"low\": 0.0, \"high\": 0.6, \"log\": false}}"}
{"op_code": 5, "worker_id": "39381404-b71f-4da4-9860-9991d1abbda4-137062113404480", "trial_id": 4, "param_name": "units_1", "param_value_internal": 482.0, "distribution": "{\"name\": \"IntDistribution\", \"attributes\": {\"log\": false, \"step\": 1, \"low\": 32, \"high\": 896}}"}
{"op_code": 5, "worker_id": "39381404-b71f-4da4-9860-9991d1abbda4-137062113404480", "trial_id": 4, "param_name": "dropout_1", "param_value_internal": 0.10881185233323473, "distribution": "{\"name\": \"FloatDistribution\", \"attributes\": {\"step\": null, \"low\": 0.0, \"high\": 0.6, \"log\": false}}"}
{"op_code": 5, "worker_id": "39381404-b71f-4da4-9860-9991d1abbda4-137062113404480", "trial_id": 4, "param_name": "units_2", "param_value_internal": 232.0, "distribution": "{\"name\": \"IntDistribution\", \"attributes\": {\"log\": false, \"step\": 1, \"low\": 32, \"high\": 896}}"}
{"op_code": 5, "worker_id": "39381404-b71f-4da4-9860-9991d1abbda4-137062113404480", "trial_id": 4, "param_name": "dropout_2", "param_value_internal": 0.5326314160260619, "distribution": "{\"name\": \"FloatDistribution\", \"attributes\": {\"step\": null, \"low\": 0.0, \"high\": 0.6, \"log\": false}}"}
{"op_code": 5, "worker_id": "39381404-b71f-4da4-9860-9991d1abbda4-137055205221952", "trial_id": 5, "param_name": "batch_size", "param_value_internal": 2, "distribution": "{\"name\": \"CategoricalDistribution\", \"attributes\": {\"choices\": [64, 80, 96, 112, 128]}}"}
{"op_code": 8, "worker_id": "39381404-b71f-4da4-9860-9991d1abbda4-137055205221952", "trial_id": 5, "user_attr": {"fold": 1}}
{"op_code": 8, "worker_id": "39381404-b71f-4da4-9860-9991d1abbda4-137055205221952", "trial_id": 5, "user_attr": {"fit": "in corso"}}
{"op_code": 5, "worker_id": "39381404-b71f-4da4-9860-9991d1abbda4-137062113404480", "trial_id": 4, "param_name": "batch_size", "param_value_internal": 3, "distribution": "{\"name\": \"CategoricalDistribution\", \"attributes\": {\"choices\": [64, 80, 96, 112, 128]}}"}
{"op_code": 8, "worker_id": "39381404-b71f-4da4-9860-9991d1abbda4-137062113404480", "trial_id": 4, "user_attr": {"fold": 1}}
{"op_code": 8, "worker_id": "39381404-b71f-4da4-9860-9991d1abbda4-137062113404480", "trial_id": 4, "user_attr": {"fit": "in corso"}}
{"op_code": 8, "worker_id": "39381404-b71f-4da4-9860-9991d1abbda4-137055205221952", "trial_id": 5, "user_attr": {"fit": "terminato"}}
{"op_code": 8, "worker_id": "39381404-b71f-4da4-9860-9991d1abbda4-137055205221952", "trial_id": 5, "user_attr": {"fold": 2}}
{"op_code": 8, "worker_id": "39381404-b71f-4da4-9860-9991d1abbda4-137055205221952", "trial_id": 5, "user_attr": {"fit": "in corso"}}
{"op_code": 8, "worker_id": "39381404-b71f-4da4-9860-9991d1abbda4-137062113404480", "trial_id": 4, "user_attr": {"fit": "terminato"}}
{"op_code": 8, "worker_id": "39381404-b71f-4da4-9860-9991d1abbda4-137062113404480", "trial_id": 4, "user_attr": {"fold": 2}}
{"op_code": 8, "worker_id": "39381404-b71f-4da4-9860-9991d1abbda4-137062113404480", "trial_id": 4, "user_attr": {"fit": "in corso"}}
{"op_code": 8, "worker_id": "39381404-b71f-4da4-9860-9991d1abbda4-137062113404480", "trial_id": 4, "user_attr": {"fit": "terminato"}}
{"op_code": 8, "worker_id": "39381404-b71f-4da4-9860-9991d1abbda4-137062113404480", "trial_id": 4, "user_attr": {"fold": 3}}
{"op_code": 8, "worker_id": "39381404-b71f-4da4-9860-9991d1abbda4-137062113404480", "trial_id": 4, "user_attr": {"fit": "in corso"}}
{"op_code": 8, "worker_id": "39381404-b71f-4da4-9860-9991d1abbda4-137055205221952", "trial_id": 5, "user_attr": {"fit": "terminato"}}
{"op_code": 8, "worker_id": "39381404-b71f-4da4-9860-9991d1abbda4-137055205221952", "trial_id": 5, "user_attr": {"fold": 3}}
{"op_code": 8, "worker_id": "39381404-b71f-4da4-9860-9991d1abbda4-137055205221952", "trial_id": 5, "user_attr": {"fit": "in corso"}}
{"op_code": 8, "worker_id": "39381404-b71f-4da4-9860-9991d1abbda4-137062113404480", "trial_id": 4, "user_attr": {"fit": "terminato"}}
{"op_code": 7, "worker_id": "39381404-b71f-4da4-9860-9991d1abbda4-137062113404480", "trial_id": 4, "step": 0, "intermediate_value": 0.668833335240682}
{"op_code": 8, "worker_id": "39381404-b71f-4da4-9860-9991d1abbda4-137062113404480", "trial_id": 4, "user_attr": {"fold": 4}}
{"op_code": 8, "worker_id": "39381404-b71f-4da4-9860-9991d1abbda4-137062113404480", "trial_id": 4, "user_attr": {"fit": "in corso"}}
{"op_code": 8, "worker_id": "39381404-b71f-4da4-9860-9991d1abbda4-137055205221952", "trial_id": 5, "user_attr": {"fit": "terminato"}}
{"op_code": 7, "worker_id": "39381404-b71f-4da4-9860-9991d1abbda4-137055205221952", "trial_id": 5, "step": 0, "intermediate_value": 0.8724166750907898}
{"op_code": 8, "worker_id": "39381404-b71f-4da4-9860-9991d1abbda4-137055205221952", "trial_id": 5, "user_attr": {"fold": 4}}
{"op_code": 8, "worker_id": "39381404-b71f-4da4-9860-9991d1abbda4-137055205221952", "trial_id": 5, "user_attr": {"fit": "in corso"}}
{"op_code": 8, "worker_id": "39381404-b71f-4da4-9860-9991d1abbda4-137055205221952", "trial_id": 5, "user_attr": {"fit": "terminato"}}
{"op_code": 8, "worker_id": "39381404-b71f-4da4-9860-9991d1abbda4-137062113404480", "trial_id": 4, "user_attr": {"fit": "terminato"}}
{"op_code": 7, "worker_id": "39381404-b71f-4da4-9860-9991d1abbda4-137055205221952", "trial_id": 5, "step": 1, "intermediate_value": 0.8723333328962326}
{"op_code": 8, "worker_id": "39381404-b71f-4da4-9860-9991d1abbda4-137055205221952", "trial_id": 5, "user_attr": {"fold": 5}}
{"op_code": 8, "worker_id": "39381404-b71f-4da4-9860-9991d1abbda4-137055205221952", "trial_id": 5, "user_attr": {"fit": "in corso"}}
{"op_code": 7, "worker_id": "39381404-b71f-4da4-9860-9991d1abbda4-137062113404480", "trial_id": 4, "step": 1, "intermediate_value": 0.7225833386182785}
{"op_code": 8, "worker_id": "39381404-b71f-4da4-9860-9991d1abbda4-137062113404480", "trial_id": 4, "user_attr": {"fold": 5}}
{"op_code": 8, "worker_id": "39381404-b71f-4da4-9860-9991d1abbda4-137062113404480", "trial_id": 4, "user_attr": {"fit": "in corso"}}
{"op_code": 8, "worker_id": "39381404-b71f-4da4-9860-9991d1abbda4-137055205221952", "trial_id": 5, "user_attr": {"fit": "terminato"}}
{"op_code": 7, "worker_id": "39381404-b71f-4da4-9860-9991d1abbda4-137055205221952", "trial_id": 5, "step": 2, "intermediate_value": 0.8734500050544739}
{"op_code": 6, "worker_id": "39381404-b71f-4da4-9860-9991d1abbda4-137055205221952", "trial_id": 5, "state": 1, "values": [0.8734500050544739], "datetime_complete": "2023-11-08T15:08:25.575240"}
{"op_code": 4, "worker_id": "39381404-b71f-4da4-9860-9991d1abbda4-137055205221952", "study_id": 0, "datetime_start": "2023-11-08T15:08:26.087060"}
{"op_code": 8, "worker_id": "39381404-b71f-4da4-9860-9991d1abbda4-137055205221952", "trial_id": 6, "user_attr": {"init_weights_pathname": "/content/tmp/init_weights_6"}}
{"op_code": 5, "worker_id": "39381404-b71f-4da4-9860-9991d1abbda4-137055205221952", "trial_id": 6, "param_name": "n_hidden_conv", "param_value_internal": 5.0, "distribution": "{\"name\": \"IntDistribution\", \"attributes\": {\"log\": false, \"step\": 1, \"low\": 2, \"high\": 5}}"}
{"op_code": 5, "worker_id": "39381404-b71f-4da4-9860-9991d1abbda4-137055205221952", "trial_id": 6, "param_name": "n_hidden", "param_value_internal": 3.0, "distribution": "{\"name\": \"IntDistribution\", \"attributes\": {\"log\": false, \"step\": 1, \"low\": 1, \"high\": 3}}"}
{"op_code": 5, "worker_id": "39381404-b71f-4da4-9860-9991d1abbda4-137055205221952", "trial_id": 6, "param_name": "learning_rate", "param_value_internal": 0.031859992564253946, "distribution": "{\"name\": \"FloatDistribution\", \"attributes\": {\"step\": null, \"low\": 1e-05, \"high\": 0.1, \"log\": true}}"}
{"op_code": 5, "worker_id": "39381404-b71f-4da4-9860-9991d1abbda4-137055205221952", "trial_id": 6, "param_name": "batch_norm", "param_value_internal": 1, "distribution": "{\"name\": \"CategoricalDistribution\", \"attributes\": {\"choices\": [\"True\", \"False\"]}}"}
{"op_code": 5, "worker_id": "39381404-b71f-4da4-9860-9991d1abbda4-137055205221952", "trial_id": 6, "param_name": "activity_regularizer", "param_value_internal": 0, "distribution": "{\"name\": \"CategoricalDistribution\", \"attributes\": {\"choices\": [\"True\", \"False\"]}}"}
{"op_code": 5, "worker_id": "39381404-b71f-4da4-9860-9991d1abbda4-137055205221952", "trial_id": 6, "param_name": "average_pooling", "param_value_internal": 1, "distribution": "{\"name\": \"CategoricalDistribution\", \"attributes\": {\"choices\": [\"True\", \"False\"]}}"}
{"op_code": 5, "worker_id": "39381404-b71f-4da4-9860-9991d1abbda4-137055205221952", "trial_id": 6, "param_name": "max_pooling", "param_value_internal": 1, "distribution": "{\"name\": \"CategoricalDistribution\", \"attributes\": {\"choices\": [\"True\", \"False\"]}}"}
{"op_code": 5, "worker_id": "39381404-b71f-4da4-9860-9991d1abbda4-137055205221952", "trial_id": 6, "param_name": "kernel_size", "param_value_internal": 3.0, "distribution": "{\"name\": \"IntDistribution\", \"attributes\": {\"log\": false, \"step\": 1, \"low\": 2, \"high\": 3}}"}
{"op_code": 5, "worker_id": "39381404-b71f-4da4-9860-9991d1abbda4-137055205221952", "trial_id": 6, "param_name": "filters", "param_value_internal": 48.0, "distribution": "{\"name\": \"IntDistribution\", \"attributes\": {\"log\": false, \"step\": 1, \"low\": 32, \"high\": 64}}"}
{"op_code": 5, "worker_id": "39381404-b71f-4da4-9860-9991d1abbda4-137055205221952", "trial_id": 6, "param_name": "hidden_activation_0", "param_value_internal": 0, "distribution": "{\"name\": \"CategoricalDistribution\", \"attributes\": {\"choices\": [\"relu\", \"sigmoid\", \"tanh\", \"gelu\"]}}"}
{"op_code": 5, "worker_id": "39381404-b71f-4da4-9860-9991d1abbda4-137055205221952", "trial_id": 6, "param_name": "dropout_conv_0", "param_value_internal": 0.3995170776688204, "distribution": "{\"name\": \"FloatDistribution\", \"attributes\": {\"step\": null, \"low\": 0.0, \"high\": 0.6, \"log\": false}}"}
{"op_code": 5, "worker_id": "39381404-b71f-4da4-9860-9991d1abbda4-137055205221952", "trial_id": 6, "param_name": "padding0", "param_value_internal": 0, "distribution": "{\"name\": \"CategoricalDistribution\", \"attributes\": {\"choices\": [\"same\", \"valid\"]}}"}
{"op_code": 5, "worker_id": "39381404-b71f-4da4-9860-9991d1abbda4-137055205221952", "trial_id": 6, "param_name": "hidden_activation_1", "param_value_internal": 2, "distribution": "{\"name\": \"CategoricalDistribution\", \"attributes\": {\"choices\": [\"relu\", \"sigmoid\", \"tanh\", \"gelu\"]}}"}
{"op_code": 5, "worker_id": "39381404-b71f-4da4-9860-9991d1abbda4-137055205221952", "trial_id": 6, "param_name": "dropout_conv_1", "param_value_internal": 0.11262319228318404, "distribution": "{\"name\": \"FloatDistribution\", \"attributes\": {\"step\": null, \"low\": 0.0, \"high\": 0.6, \"log\": false}}"}
{"op_code": 5, "worker_id": "39381404-b71f-4da4-9860-9991d1abbda4-137055205221952", "trial_id": 6, "param_name": "padding1", "param_value_internal": 1, "distribution": "{\"name\": \"CategoricalDistribution\", \"attributes\": {\"choices\": [\"same\", \"valid\"]}}"}
{"op_code": 5, "worker_id": "39381404-b71f-4da4-9860-9991d1abbda4-137055205221952", "trial_id": 6, "param_name": "hidden_activation_2", "param_value_internal": 1, "distribution": "{\"name\": \"CategoricalDistribution\", \"attributes\": {\"choices\": [\"relu\", \"sigmoid\", \"tanh\", \"gelu\"]}}"}
{"op_code": 5, "worker_id": "39381404-b71f-4da4-9860-9991d1abbda4-137055205221952", "trial_id": 6, "param_name": "dropout_conv_2", "param_value_internal": 0.04188092326210648, "distribution": "{\"name\": \"FloatDistribution\", \"attributes\": {\"step\": null, \"low\": 0.0, \"high\": 0.6, \"log\": false}}"}
{"op_code": 5, "worker_id": "39381404-b71f-4da4-9860-9991d1abbda4-137055205221952", "trial_id": 6, "param_name": "padding2", "param_value_internal": 1, "distribution": "{\"name\": \"CategoricalDistribution\", \"attributes\": {\"choices\": [\"same\", \"valid\"]}}"}
{"op_code": 5, "worker_id": "39381404-b71f-4da4-9860-9991d1abbda4-137055205221952", "trial_id": 6, "param_name": "hidden_activation_3", "param_value_internal": 2, "distribution": "{\"name\": \"CategoricalDistribution\", \"attributes\": {\"choices\": [\"relu\", \"sigmoid\", \"tanh\", \"gelu\"]}}"}
{"op_code": 5, "worker_id": "39381404-b71f-4da4-9860-9991d1abbda4-137055205221952", "trial_id": 6, "param_name": "dropout_conv_3", "param_value_internal": 0.5783314776233052, "distribution": "{\"name\": \"FloatDistribution\", \"attributes\": {\"step\": null, \"low\": 0.0, \"high\": 0.6, \"log\": false}}"}
{"op_code": 5, "worker_id": "39381404-b71f-4da4-9860-9991d1abbda4-137055205221952", "trial_id": 6, "param_name": "padding3", "param_value_internal": 0, "distribution": "{\"name\": \"CategoricalDistribution\", \"attributes\": {\"choices\": [\"same\", \"valid\"]}}"}
{"op_code": 5, "worker_id": "39381404-b71f-4da4-9860-9991d1abbda4-137055205221952", "trial_id": 6, "param_name": "hidden_activation_4", "param_value_internal": 1, "distribution": "{\"name\": \"CategoricalDistribution\", \"attributes\": {\"choices\": [\"relu\", \"sigmoid\", \"tanh\", \"gelu\"]}}"}
{"op_code": 5, "worker_id": "39381404-b71f-4da4-9860-9991d1abbda4-137055205221952", "trial_id": 6, "param_name": "dropout_conv_4", "param_value_internal": 0.3991328874785651, "distribution": "{\"name\": \"FloatDistribution\", \"attributes\": {\"step\": null, \"low\": 0.0, \"high\": 0.6, \"log\": false}}"}
{"op_code": 5, "worker_id": "39381404-b71f-4da4-9860-9991d1abbda4-137055205221952", "trial_id": 6, "param_name": "padding4", "param_value_internal": 0, "distribution": "{\"name\": \"CategoricalDistribution\", \"attributes\": {\"choices\": [\"same\", \"valid\"]}}"}
{"op_code": 5, "worker_id": "39381404-b71f-4da4-9860-9991d1abbda4-137055205221952", "trial_id": 6, "param_name": "units_0", "param_value_internal": 1475.0, "distribution": "{\"name\": \"IntDistribution\", \"attributes\": {\"log\": false, \"step\": 1, \"low\": 32, \"high\": 1536}}"}
{"op_code": 5, "worker_id": "39381404-b71f-4da4-9860-9991d1abbda4-137055205221952", "trial_id": 6, "param_name": "dropout_0", "param_value_internal": 0.5815870882398314, "distribution": "{\"name\": \"FloatDistribution\", \"attributes\": {\"step\": null, \"low\": 0.0, \"high\": 0.6, \"log\": false}}"}
{"op_code": 5, "worker_id": "39381404-b71f-4da4-9860-9991d1abbda4-137055205221952", "trial_id": 6, "param_name": "units_1", "param_value_internal": 1534.0, "distribution": "{\"name\": \"IntDistribution\", \"attributes\": {\"log\": false, \"step\": 1, \"low\": 32, \"high\": 1536}}"}
{"op_code": 5, "worker_id": "39381404-b71f-4da4-9860-9991d1abbda4-137055205221952", "trial_id": 6, "param_name": "dropout_1", "param_value_internal": 0.1889061845395175, "distribution": "{\"name\": \"FloatDistribution\", \"attributes\": {\"step\": null, \"low\": 0.0, \"high\": 0.6, \"log\": false}}"}
{"op_code": 5, "worker_id": "39381404-b71f-4da4-9860-9991d1abbda4-137055205221952", "trial_id": 6, "param_name": "units_2", "param_value_internal": 1218.0, "distribution": "{\"name\": \"IntDistribution\", \"attributes\": {\"log\": false, \"step\": 1, \"low\": 32, \"high\": 1536}}"}
{"op_code": 5, "worker_id": "39381404-b71f-4da4-9860-9991d1abbda4-137055205221952", "trial_id": 6, "param_name": "dropout_2", "param_value_internal": 0.23595472551275334, "distribution": "{\"name\": \"FloatDistribution\", \"attributes\": {\"step\": null, \"low\": 0.0, \"high\": 0.6, \"log\": false}}"}
{"op_code": 5, "worker_id": "39381404-b71f-4da4-9860-9991d1abbda4-137055205221952", "trial_id": 6, "param_name": "batch_size", "param_value_internal": 1, "distribution": "{\"name\": \"CategoricalDistribution\", \"attributes\": {\"choices\": [64, 80, 96, 112, 128]}}"}
{"op_code": 8, "worker_id": "39381404-b71f-4da4-9860-9991d1abbda4-137055205221952", "trial_id": 6, "user_attr": {"fold": 1}}
{"op_code": 8, "worker_id": "39381404-b71f-4da4-9860-9991d1abbda4-137055205221952", "trial_id": 6, "user_attr": {"fit": "in corso"}}
{"op_code": 8, "worker_id": "39381404-b71f-4da4-9860-9991d1abbda4-137062113404480", "trial_id": 4, "user_attr": {"fit": "terminato"}}
{"op_code": 7, "worker_id": "39381404-b71f-4da4-9860-9991d1abbda4-137062113404480", "trial_id": 4, "step": 2, "intermediate_value": 0.7518333435058594}
{"op_code": 6, "worker_id": "39381404-b71f-4da4-9860-9991d1abbda4-137062113404480", "trial_id": 4, "state": 1, "values": [0.7518333435058594], "datetime_complete": "2023-11-08T15:11:50.915071"}
{"op_code": 4, "worker_id": "39381404-b71f-4da4-9860-9991d1abbda4-137062113404480", "study_id": 0, "datetime_start": "2023-11-08T15:11:51.308046"}
{"op_code": 8, "worker_id": "39381404-b71f-4da4-9860-9991d1abbda4-137062113404480", "trial_id": 7, "user_attr": {"init_weights_pathname": "/content/tmp/init_weights_7"}}
{"op_code": 5, "worker_id": "39381404-b71f-4da4-9860-9991d1abbda4-137062113404480", "trial_id": 7, "param_name": "n_hidden_conv", "param_value_internal": 5.0, "distribution": "{\"name\": \"IntDistribution\", \"attributes\": {\"log\": false, \"step\": 1, \"low\": 2, \"high\": 5}}"}
{"op_code": 5, "worker_id": "39381404-b71f-4da4-9860-9991d1abbda4-137062113404480", "trial_id": 7, "param_name": "n_hidden", "param_value_internal": 2.0, "distribution": "{\"name\": \"IntDistribution\", \"attributes\": {\"log\": false, \"step\": 1, \"low\": 1, \"high\": 3}}"}
{"op_code": 5, "worker_id": "39381404-b71f-4da4-9860-9991d1abbda4-137062113404480", "trial_id": 7, "param_name": "learning_rate", "param_value_internal": 6.214599603177183e-05, "distribution": "{\"name\": \"FloatDistribution\", \"attributes\": {\"step\": null, \"low\": 1e-05, \"high\": 0.1, \"log\": true}}"}
{"op_code": 5, "worker_id": "39381404-b71f-4da4-9860-9991d1abbda4-137062113404480", "trial_id": 7, "param_name": "batch_norm", "param_value_internal": 0, "distribution": "{\"name\": \"CategoricalDistribution\", \"attributes\": {\"choices\": [\"True\", \"False\"]}}"}
{"op_code": 5, "worker_id": "39381404-b71f-4da4-9860-9991d1abbda4-137062113404480", "trial_id": 7, "param_name": "activity_regularizer", "param_value_internal": 1, "distribution": "{\"name\": \"CategoricalDistribution\", \"attributes\": {\"choices\": [\"True\", \"False\"]}}"}
{"op_code": 5, "worker_id": "39381404-b71f-4da4-9860-9991d1abbda4-137062113404480", "trial_id": 7, "param_name": "average_pooling", "param_value_internal": 0, "distribution": "{\"name\": \"CategoricalDistribution\", \"attributes\": {\"choices\": [\"True\", \"False\"]}}"}
{"op_code": 5, "worker_id": "39381404-b71f-4da4-9860-9991d1abbda4-137062113404480", "trial_id": 7, "param_name": "max_pooling", "param_value_internal": 1, "distribution": "{\"name\": \"CategoricalDistribution\", \"attributes\": {\"choices\": [\"True\", \"False\"]}}"}
{"op_code": 5, "worker_id": "39381404-b71f-4da4-9860-9991d1abbda4-137062113404480", "trial_id": 7, "param_name": "kernel_size", "param_value_internal": 2.0, "distribution": "{\"name\": \"IntDistribution\", \"attributes\": {\"log\": false, \"step\": 1, \"low\": 2, \"high\": 3}}"}
{"op_code": 5, "worker_id": "39381404-b71f-4da4-9860-9991d1abbda4-137062113404480", "trial_id": 7, "param_name": "filters", "param_value_internal": 35.0, "distribution": "{\"name\": \"IntDistribution\", \"attributes\": {\"log\": false, \"step\": 1, \"low\": 32, \"high\": 64}}"}
{"op_code": 5, "worker_id": "39381404-b71f-4da4-9860-9991d1abbda4-137062113404480", "trial_id": 7, "param_name": "hidden_activation_0", "param_value_internal": 2, "distribution": "{\"name\": \"CategoricalDistribution\", \"attributes\": {\"choices\": [\"relu\", \"sigmoid\", \"tanh\", \"gelu\"]}}"}
{"op_code": 5, "worker_id": "39381404-b71f-4da4-9860-9991d1abbda4-137062113404480", "trial_id": 7, "param_name": "dropout_conv_0", "param_value_internal": 0.07059548705268683, "distribution": "{\"name\": \"FloatDistribution\", \"attributes\": {\"step\": null, \"low\": 0.0, \"high\": 0.6, \"log\": false}}"}
{"op_code": 5, "worker_id": "39381404-b71f-4da4-9860-9991d1abbda4-137062113404480", "trial_id": 7, "param_name": "padding0", "param_value_internal": 1, "distribution": "{\"name\": \"CategoricalDistribution\", \"attributes\": {\"choices\": [\"same\", \"valid\"]}}"}
{"op_code": 5, "worker_id": "39381404-b71f-4da4-9860-9991d1abbda4-137062113404480", "trial_id": 7, "param_name": "hidden_activation_1", "param_value_internal": 3, "distribution": "{\"name\": \"CategoricalDistribution\", \"attributes\": {\"choices\": [\"relu\", \"sigmoid\", \"tanh\", \"gelu\"]}}"}
{"op_code": 5, "worker_id": "39381404-b71f-4da4-9860-9991d1abbda4-137062113404480", "trial_id": 7, "param_name": "dropout_conv_1", "param_value_internal": 0.4244101506640044, "distribution": "{\"name\": \"FloatDistribution\", \"attributes\": {\"step\": null, \"low\": 0.0, \"high\": 0.6, \"log\": false}}"}
{"op_code": 5, "worker_id": "39381404-b71f-4da4-9860-9991d1abbda4-137062113404480", "trial_id": 7, "param_name": "padding1", "param_value_internal": 1, "distribution": "{\"name\": \"CategoricalDistribution\", \"attributes\": {\"choices\": [\"same\", \"valid\"]}}"}
{"op_code": 5, "worker_id": "39381404-b71f-4da4-9860-9991d1abbda4-137062113404480", "trial_id": 7, "param_name": "hidden_activation_2", "param_value_internal": 0, "distribution": "{\"name\": \"CategoricalDistribution\", \"attributes\": {\"choices\": [\"relu\", \"sigmoid\", \"tanh\", \"gelu\"]}}"}
{"op_code": 5, "worker_id": "39381404-b71f-4da4-9860-9991d1abbda4-137062113404480", "trial_id": 7, "param_name": "dropout_conv_2", "param_value_internal": 0.013051242775153614, "distribution": "{\"name\": \"FloatDistribution\", \"attributes\": {\"step\": null, \"low\": 0.0, \"high\": 0.6, \"log\": false}}"}
{"op_code": 5, "worker_id": "39381404-b71f-4da4-9860-9991d1abbda4-137062113404480", "trial_id": 7, "param_name": "padding2", "param_value_internal": 0, "distribution": "{\"name\": \"CategoricalDistribution\", \"attributes\": {\"choices\": [\"same\", \"valid\"]}}"}
{"op_code": 5, "worker_id": "39381404-b71f-4da4-9860-9991d1abbda4-137062113404480", "trial_id": 7, "param_name": "hidden_activation_3", "param_value_internal": 2, "distribution": "{\"name\": \"CategoricalDistribution\", \"attributes\": {\"choices\": [\"relu\", \"sigmoid\", \"tanh\", \"gelu\"]}}"}
{"op_code": 5, "worker_id": "39381404-b71f-4da4-9860-9991d1abbda4-137062113404480", "trial_id": 7, "param_name": "dropout_conv_3", "param_value_internal": 0.23927971845272644, "distribution": "{\"name\": \"FloatDistribution\", \"attributes\": {\"step\": null, \"low\": 0.0, \"high\": 0.6, \"log\": false}}"}
{"op_code": 5, "worker_id": "39381404-b71f-4da4-9860-9991d1abbda4-137062113404480", "trial_id": 7, "param_name": "padding3", "param_value_internal": 1, "distribution": "{\"name\": \"CategoricalDistribution\", \"attributes\": {\"choices\": [\"same\", \"valid\"]}}"}
{"op_code": 5, "worker_id": "39381404-b71f-4da4-9860-9991d1abbda4-137062113404480", "trial_id": 7, "param_name": "hidden_activation_4", "param_value_internal": 3, "distribution": "{\"name\": \"CategoricalDistribution\", \"attributes\": {\"choices\": [\"relu\", \"sigmoid\", \"tanh\", \"gelu\"]}}"}
{"op_code": 5, "worker_id": "39381404-b71f-4da4-9860-9991d1abbda4-137062113404480", "trial_id": 7, "param_name": "dropout_conv_4", "param_value_internal": 0.17323080573491728, "distribution": "{\"name\": \"FloatDistribution\", \"attributes\": {\"step\": null, \"low\": 0.0, \"high\": 0.6, \"log\": false}}"}
{"op_code": 5, "worker_id": "39381404-b71f-4da4-9860-9991d1abbda4-137062113404480", "trial_id": 7, "param_name": "padding4", "param_value_internal": 1, "distribution": "{\"name\": \"CategoricalDistribution\", \"attributes\": {\"choices\": [\"same\", \"valid\"]}}"}
{"op_code": 5, "worker_id": "39381404-b71f-4da4-9860-9991d1abbda4-137062113404480", "trial_id": 7, "param_name": "units_0", "param_value_internal": 208.0, "distribution": "{\"name\": \"IntDistribution\", \"attributes\": {\"log\": false, \"step\": 1, \"low\": 32, \"high\": 1120}}"}
{"op_code": 5, "worker_id": "39381404-b71f-4da4-9860-9991d1abbda4-137062113404480", "trial_id": 7, "param_name": "dropout_0", "param_value_internal": 0.23567690462344767, "distribution": "{\"name\": \"FloatDistribution\", \"attributes\": {\"step\": null, \"low\": 0.0, \"high\": 0.6, \"log\": false}}"}
{"op_code": 5, "worker_id": "39381404-b71f-4da4-9860-9991d1abbda4-137062113404480", "trial_id": 7, "param_name": "units_1", "param_value_internal": 1052.0, "distribution": "{\"name\": \"IntDistribution\", \"attributes\": {\"log\": false, \"step\": 1, \"low\": 32, \"high\": 1120}}"}
{"op_code": 5, "worker_id": "39381404-b71f-4da4-9860-9991d1abbda4-137062113404480", "trial_id": 7, "param_name": "dropout_1", "param_value_internal": 0.5491351907791977, "distribution": "{\"name\": \"FloatDistribution\", \"attributes\": {\"step\": null, \"low\": 0.0, \"high\": 0.6, \"log\": false}}"}
{"op_code": 5, "worker_id": "39381404-b71f-4da4-9860-9991d1abbda4-137062113404480", "trial_id": 7, "param_name": "batch_size", "param_value_internal": 0, "distribution": "{\"name\": \"CategoricalDistribution\", \"attributes\": {\"choices\": [64, 80, 96, 112, 128]}}"}
{"op_code": 8, "worker_id": "39381404-b71f-4da4-9860-9991d1abbda4-137062113404480", "trial_id": 7, "user_attr": {"fold": 1}}
{"op_code": 8, "worker_id": "39381404-b71f-4da4-9860-9991d1abbda4-137062113404480", "trial_id": 7, "user_attr": {"fit": "in corso"}}
{"op_code": 8, "worker_id": "39381404-b71f-4da4-9860-9991d1abbda4-137055205221952", "trial_id": 6, "user_attr": {"fit": "terminato"}}
{"op_code": 8, "worker_id": "39381404-b71f-4da4-9860-9991d1abbda4-137055205221952", "trial_id": 6, "user_attr": {"fold": 2}}
{"op_code": 8, "worker_id": "39381404-b71f-4da4-9860-9991d1abbda4-137055205221952", "trial_id": 6, "user_attr": {"fit": "in corso"}}
{"op_code": 8, "worker_id": "39381404-b71f-4da4-9860-9991d1abbda4-137062113404480", "trial_id": 7, "user_attr": {"fit": "terminato"}}
{"op_code": 8, "worker_id": "39381404-b71f-4da4-9860-9991d1abbda4-137055205221952", "trial_id": 6, "user_attr": {"fit": "terminato"}}
{"op_code": 8, "worker_id": "39381404-b71f-4da4-9860-9991d1abbda4-137055205221952", "trial_id": 6, "user_attr": {"fold": 3}}
{"op_code": 8, "worker_id": "39381404-b71f-4da4-9860-9991d1abbda4-137055205221952", "trial_id": 6, "user_attr": {"fit": "in corso"}}
{"op_code": 8, "worker_id": "39381404-b71f-4da4-9860-9991d1abbda4-137062113404480", "trial_id": 7, "user_attr": {"fold": 2}}
{"op_code": 8, "worker_id": "39381404-b71f-4da4-9860-9991d1abbda4-137062113404480", "trial_id": 7, "user_attr": {"fit": "in corso"}}
{"op_code": 8, "worker_id": "39381404-b71f-4da4-9860-9991d1abbda4-137055205221952", "trial_id": 6, "user_attr": {"fit": "terminato"}}
{"op_code": 7, "worker_id": "39381404-b71f-4da4-9860-9991d1abbda4-137055205221952", "trial_id": 6, "step": 0, "intermediate_value": 0.10000000149011612}
{"op_code": 6, "worker_id": "39381404-b71f-4da4-9860-9991d1abbda4-137055205221952", "trial_id": 6, "state": 2, "values": [0.10000000149011612], "datetime_complete": "2023-11-08T15:40:52.433256"}
{"op_code": 8, "worker_id": "39381404-b71f-4da4-9860-9991d1abbda4-137062113404480", "trial_id": 7, "user_attr": {"fit": "terminato"}}
{"op_code": 8, "worker_id": "39381404-b71f-4da4-9860-9991d1abbda4-137062113404480", "trial_id": 7, "user_attr": {"fold": 3}}
{"op_code": 8, "worker_id": "39381404-b71f-4da4-9860-9991d1abbda4-137062113404480", "trial_id": 7, "user_attr": {"fit": "in corso"}}
